<?xml version="1.0" encoding="utf-8"?>
<TestRun id="aa300948-196b-428f-86d6-ca3d9fe7fb89" name="Top@TOP 2025-07-14 13:26:02" runUser="TOP\Top" xmlns="http://microsoft.com/schemas/VisualStudio/TeamTest/2010">
  <Times creation="2025-07-14T13:26:02.6468971+07:00" queuing="2025-07-14T13:26:02.6468975+07:00" start="2025-07-14T13:26:01.9881663+07:00" finish="2025-07-14T13:26:10.2324464+07:00" />
  <TestSettings name="default" id="23ccea90-71bb-4db5-b1e7-3c9e109e2d22">
    <Deployment runDeploymentRoot="Top_TOP_2025-07-14_13_26_02" />
  </TestSettings>
  <Results>
    <UnitTestResult executionId="c5048872-510e-4ca7-8be1-feb08f680e4d" testId="7a3db9d6-bceb-1b43-9966-1c8e71b13ce9" testName="CreateTempFile_CreatesFileWithExtension" computerName="TOP" duration="00:00:00.0004840" startTime="2025-07-14T13:26:10.1760462+07:00" endTime="2025-07-14T13:26:10.1766105+07:00" testType="13cdc9d9-ddb5-4fa4-a97d-d965ccfc6d4b" outcome="Passed" testListId="8c84fa94-04c1-424b-9868-57a2d4851a1d" relativeResultsDirectory="c5048872-510e-4ca7-8be1-feb08f680e4d" />
    <UnitTestResult executionId="d09cf836-9ae6-4c3d-8748-1f83e99fff4a" testId="2d7749ba-b8af-1ce4-29e2-17bb7e04a227" testName="Constructor_WithInvalidPath_HandlesGracefully" computerName="TOP" duration="00:00:00.0005293" startTime="2025-07-14T13:26:10.1874462+07:00" endTime="2025-07-14T13:26:10.1880193+07:00" testType="13cdc9d9-ddb5-4fa4-a97d-d965ccfc6d4b" outcome="Passed" testListId="8c84fa94-04c1-424b-9868-57a2d4851a1d" relativeResultsDirectory="d09cf836-9ae6-4c3d-8748-1f83e99fff4a" />
    <UnitTestResult executionId="c1957aca-49da-498b-83af-6c04ac06b8b9" testId="b79b0cca-2ad7-2b64-bc9a-8eead207e8b4" testName="MakeValidFileName_RemovesAccents" computerName="TOP" duration="00:00:00.0002536" startTime="2025-07-14T13:26:10.1800265+07:00" endTime="2025-07-14T13:26:10.1803040+07:00" testType="13cdc9d9-ddb5-4fa4-a97d-d965ccfc6d4b" outcome="Passed" testListId="8c84fa94-04c1-424b-9868-57a2d4851a1d" relativeResultsDirectory="c1957aca-49da-498b-83af-6c04ac06b8b9" />
    <UnitTestResult executionId="06faab35-4893-4831-ba34-91208906447c" testId="ed55ff8c-c35d-481a-3c31-ffac09c4afeb" testName="Save_WhiteSpacePath_ThrowsException" computerName="TOP" duration="00:00:00.0001291" startTime="2025-07-14T13:26:02.5966350+07:00" endTime="2025-07-14T13:26:02.5968907+07:00" testType="13cdc9d9-ddb5-4fa4-a97d-d965ccfc6d4b" outcome="Passed" testListId="8c84fa94-04c1-424b-9868-57a2d4851a1d" relativeResultsDirectory="06faab35-4893-4831-ba34-91208906447c" />
    <UnitTestResult executionId="73c9d55d-da25-415c-89d5-5a911a1f7c88" testId="030de7a3-605c-77d5-c10a-4769e520ae4c" testName="Resize_FromBytes_ResizesCorrectly" computerName="TOP" duration="00:00:00.0052188" startTime="2025-07-14T13:26:02.8505993+07:00" endTime="2025-07-14T13:26:02.8559389+07:00" testType="13cdc9d9-ddb5-4fa4-a97d-d965ccfc6d4b" outcome="Passed" testListId="8c84fa94-04c1-424b-9868-57a2d4851a1d" relativeResultsDirectory="73c9d55d-da25-415c-89d5-5a911a1f7c88" />
    <UnitTestResult executionId="c4207c8b-b2eb-4649-aca4-0493b854cf82" testId="8e4bd926-70b4-d1f8-b6d6-3cc90e5f2ba8" testName="GetColor_FromFilePath_ShouldReturnCorrectColor" computerName="TOP" duration="00:00:00.0004233" startTime="2025-07-14T13:26:10.1715543+07:00" endTime="2025-07-14T13:26:10.1720178+07:00" testType="13cdc9d9-ddb5-4fa4-a97d-d965ccfc6d4b" outcome="Passed" testListId="8c84fa94-04c1-424b-9868-57a2d4851a1d" relativeResultsDirectory="c4207c8b-b2eb-4649-aca4-0493b854cf82" />
    <UnitTestResult executionId="acc6e518-fca2-4e52-9fa9-2098dc37fa24" testId="95d79edd-31d7-24b1-cb28-5436e0d6a121" testName="GetHexCode_FromFilePath_ShouldReturnCorrectHex" computerName="TOP" duration="00:00:00.0006679" startTime="2025-07-14T13:26:10.1697236+07:00" endTime="2025-07-14T13:26:10.1704330+07:00" testType="13cdc9d9-ddb5-4fa4-a97d-d965ccfc6d4b" outcome="Passed" testListId="8c84fa94-04c1-424b-9868-57a2d4851a1d" relativeResultsDirectory="acc6e518-fca2-4e52-9fa9-2098dc37fa24" />
    <UnitTestResult executionId="83319fab-679c-4950-9976-cc1da3f8771f" testId="e215fe6e-b1dd-b377-4f64-6bb1bff6d6e4" testName="GetColor_WithEmptyRegion_ShouldThrow" computerName="TOP" duration="00:00:00.0001927" startTime="2025-07-14T13:26:10.1694716+07:00" endTime="2025-07-14T13:26:10.1697055+07:00" testType="13cdc9d9-ddb5-4fa4-a97d-d965ccfc6d4b" outcome="Passed" testListId="8c84fa94-04c1-424b-9868-57a2d4851a1d" relativeResultsDirectory="83319fab-679c-4950-9976-cc1da3f8771f" />
    <UnitTestResult executionId="9814437e-94ca-42d5-b4da-06560b6f53d7" testId="e54b5f76-8192-bc2f-86ee-5b5283fe6939" testName="Compress_StreamWithFileNameExtension_Works" computerName="TOP" duration="00:00:01.0091980" startTime="2025-07-14T13:26:06.5610356+07:00" endTime="2025-07-14T13:26:07.5704308+07:00" testType="13cdc9d9-ddb5-4fa4-a97d-d965ccfc6d4b" outcome="Passed" testListId="8c84fa94-04c1-424b-9868-57a2d4851a1d" relativeResultsDirectory="9814437e-94ca-42d5-b4da-06560b6f53d7">
      <Output>
        <StdOut>-------------------------&#xD;
Process Standard Output: &#xD;
&#xD;
-------------------------&#xD;
------------------------&#xD;
Process Standard Error: &#xD;
&#xD;
-------------------------&#xD;
-------------------------&#xD;
Process Standard Output: &#xD;
&#xD;
-------------------------&#xD;
------------------------&#xD;
Process Standard Error: &#xD;
&#xD;
-------------------------&#xD;
-------------------------&#xD;
Process Standard Output: &#xD;
&#xD;
-------------------------&#xD;
------------------------&#xD;
Process Standard Error: &#xD;
&#xD;
-------------------------&#xD;
-------------------------&#xD;
Process Standard Output: &#xD;
&#xD;
-------------------------&#xD;
------------------------&#xD;
Process Standard Error: &#xD;
&#xD;
-------------------------&#xD;
-------------------------&#xD;
Process Standard Output: &#xD;
&#xD;
-------------------------&#xD;
------------------------&#xD;
Process Standard Error: &#xD;
&#xD;
-------------------------&#xD;
-------------------------&#xD;
Process Standard Output: &#xD;
&#xD;
-------------------------&#xD;
------------------------&#xD;
Process Standard Error: &#xD;
&#xD;
-------------------------&#xD;
-------------------------&#xD;
Process Standard Output: &#xD;
&#xD;
-------------------------&#xD;
------------------------&#xD;
Process Standard Error: &#xD;
&#xD;
-------------------------&#xD;
-------------------------&#xD;
Process Standard Output: &#xD;
&#xD;
-------------------------&#xD;
------------------------&#xD;
Process Standard Error: &#xD;
&#xD;
-------------------------</StdOut>
      </Output>
    </UnitTestResult>
    <UnitTestResult executionId="2375bca3-0778-4d33-aa4a-782cf1f9c789" testId="1733f60d-6044-d769-bde4-25d02f78ff13" testName="CreateIfNotExist_CreatesFile_WhenNotExists" computerName="TOP" duration="00:00:00.0007977" startTime="2025-07-14T13:26:10.1733852+07:00" endTime="2025-07-14T13:26:10.1742524+07:00" testType="13cdc9d9-ddb5-4fa4-a97d-d965ccfc6d4b" outcome="Passed" testListId="8c84fa94-04c1-424b-9868-57a2d4851a1d" relativeResultsDirectory="2375bca3-0778-4d33-aa4a-782cf1f9c789" />
    <UnitTestResult executionId="b0d50de4-aa40-4b16-b340-dd38c74e3766" testId="2a768ec4-0238-d61e-692d-54eec0c56411" testName="Constructor_WithInvalidFile_SetsCompressedFileSizeZero" computerName="TOP" duration="00:00:00.0001806" startTime="2025-07-14T13:26:02.8663988+07:00" endTime="2025-07-14T13:26:02.8666332+07:00" testType="13cdc9d9-ddb5-4fa4-a97d-d965ccfc6d4b" outcome="Passed" testListId="8c84fa94-04c1-424b-9868-57a2d4851a1d" relativeResultsDirectory="b0d50de4-aa40-4b16-b340-dd38c74e3766" />
    <UnitTestResult executionId="f41b70c4-4aa8-4b7d-a62a-808fe24ed452" testId="79636e01-6d55-53e4-829a-fbe31a3d87ce" testName="RotateByExifOrientation_Image_ReturnsImage" computerName="TOP" duration="00:00:00.0008726" startTime="2025-07-14T13:26:02.8136346+07:00" endTime="2025-07-14T13:26:02.8145689+07:00" testType="13cdc9d9-ddb5-4fa4-a97d-d965ccfc6d4b" outcome="Passed" testListId="8c84fa94-04c1-424b-9868-57a2d4851a1d" relativeResultsDirectory="f41b70c4-4aa8-4b7d-a62a-808fe24ed452" />
    <UnitTestResult executionId="d0bfc587-83b7-45be-9ae0-da8239fe37c7" testId="2e453734-94c3-a813-e9bb-d830c35fe2dc" testName="Compress_GifFile_CoversGetGifCommand" computerName="TOP" duration="00:00:00.2328034" startTime="2025-07-14T13:26:09.9322304+07:00" endTime="2025-07-14T13:26:10.1651854+07:00" testType="13cdc9d9-ddb5-4fa4-a97d-d965ccfc6d4b" outcome="Passed" testListId="8c84fa94-04c1-424b-9868-57a2d4851a1d" relativeResultsDirectory="d0bfc587-83b7-45be-9ae0-da8239fe37c7">
      <Output>
        <StdOut>-------------------------&#xD;
Process Standard Output: &#xD;
&#xD;
-------------------------&#xD;
------------------------&#xD;
Process Standard Error: &#xD;
&#xD;
-------------------------&#xD;
&#xD;
&#xD;
&#xD;
Debug Trace:&#xD;
SixLabors.ImageSharp.UnknownImageFormatException: Image cannot be loaded. Available decoders:&#xD;
 - QOI : QoiDecoder&#xD;
 - PNG : PngDecoder&#xD;
 - PBM : PbmDecoder&#xD;
 - GIF : GifDecoder&#xD;
 - Webp : WebpDecoder&#xD;
 - BMP : BmpDecoder&#xD;
 - TGA : TgaDecoder&#xD;
 - TIFF : TiffDecoder&#xD;
 - JPEG : JpegDecoder&#xD;
&#xD;
   at SixLabors.ImageSharp.Formats.ImageFormatManager.ThrowInvalidDecoder(ImageFormatManager manager)&#xD;
   at SixLabors.ImageSharp.Image.InternalDetectFormat(Configuration configuration, Stream stream)&#xD;
   at SixLabors.ImageSharp.Image.DiscoverDecoder(DecoderOptions options, Stream stream)&#xD;
   at SixLabors.ImageSharp.Image.Decode(DecoderOptions options, Stream stream)&#xD;
   at SixLabors.ImageSharp.Image.&lt;&gt;c__DisplayClass80_0.&lt;Load&gt;b__0(Stream s)&#xD;
   at SixLabors.ImageSharp.Image.WithSeekableStream[T](DecoderOptions options, Stream stream, Func`2 action)&#xD;
   at SixLabors.ImageSharp.Image.Load(DecoderOptions options, Stream stream)&#xD;
   at SixLabors.ImageSharp.Image.Load(Stream stream)&#xD;
   at Elect.Data.IO.ImageUtils.CompressUtils.Helper.TryGetCompressImageType(MemoryStream imageStream, CompressImageType&amp; compressImageType) in D:\TOP\GIT\Elect\src\Data\Elect.Data.IO\ImageUtils\CompressUtils\Helper.cs:line 49</StdOut>
      </Output>
    </UnitTestResult>
    <UnitTestResult executionId="c31848cf-d5f5-43c0-928d-061a91799249" testId="1e0a84ae-3698-142d-deb0-ab7d7bdb248e" testName="GetHexCode_FromMemoryStream_ShouldReturnCorrectHex" computerName="TOP" duration="00:00:00.0005056" startTime="2025-07-14T13:26:10.1673591+07:00" endTime="2025-07-14T13:26:10.1679439+07:00" testType="13cdc9d9-ddb5-4fa4-a97d-d965ccfc6d4b" outcome="Passed" testListId="8c84fa94-04c1-424b-9868-57a2d4851a1d" relativeResultsDirectory="c31848cf-d5f5-43c0-928d-061a91799249" />
    <UnitTestResult executionId="6d55b3fc-60fa-4173-ae41-91b5925c7e7b" testId="74dd71bb-fb7f-1550-cd6a-36d34ef9dfb0" testName="IsValidBase64_ReturnsTrue_ForValidBase64" computerName="TOP" duration="00:00:00.0001033" startTime="2025-07-14T13:26:10.1779765+07:00" endTime="2025-07-14T13:26:10.1781075+07:00" testType="13cdc9d9-ddb5-4fa4-a97d-d965ccfc6d4b" outcome="Passed" testListId="8c84fa94-04c1-424b-9868-57a2d4851a1d" relativeResultsDirectory="6d55b3fc-60fa-4173-ae41-91b5925c7e7b" />
    <UnitTestResult executionId="42c419a3-583b-4e54-ac5e-d9ce30f2f9c4" testId="0ff22051-48ce-4f8c-b3dc-3e94111c30bb" testName="Save_WritesStreamToFile" computerName="TOP" duration="00:00:00.0020159" startTime="2025-07-14T13:26:02.5969052+07:00" endTime="2025-07-14T13:26:02.5991107+07:00" testType="13cdc9d9-ddb5-4fa4-a97d-d965ccfc6d4b" outcome="Passed" testListId="8c84fa94-04c1-424b-9868-57a2d4851a1d" relativeResultsDirectory="42c419a3-583b-4e54-ac5e-d9ce30f2f9c4" />
    <UnitTestResult executionId="34e96a47-ccf1-4fd9-84e4-c92294c62a73" testId="ce04e802-62f7-de8e-cbba-77c7eb5bd226" testName="TryGetColor_Failure_SetsDominantColorToNull" computerName="TOP" duration="00:00:00.0001283" startTime="2025-07-14T13:26:10.1731820+07:00" endTime="2025-07-14T13:26:10.1733681+07:00" testType="13cdc9d9-ddb5-4fa4-a97d-d965ccfc6d4b" outcome="Passed" testListId="8c84fa94-04c1-424b-9868-57a2d4851a1d" relativeResultsDirectory="34e96a47-ccf1-4fd9-84e4-c92294c62a73" />
    <UnitTestResult executionId="0f043223-eb9d-497e-95ad-c0a8341b700e" testId="a40cebf7-1990-3ba2-49c9-78e7993546c8" testName="GetBase64Format_ReturnsBase64" computerName="TOP" duration="00:00:00.0001072" startTime="2025-07-14T13:26:02.8090671+07:00" endTime="2025-07-14T13:26:02.8092184+07:00" testType="13cdc9d9-ddb5-4fa4-a97d-d965ccfc6d4b" outcome="Passed" testListId="8c84fa94-04c1-424b-9868-57a2d4851a1d" relativeResultsDirectory="0f043223-eb9d-497e-95ad-c0a8341b700e" />
    <UnitTestResult executionId="609cf728-46e6-4fc2-8666-12fc2df7828f" testId="486cffd3-e6ad-ec8b-399a-6475159f6a99" testName="IsEmpty_ReturnsFalse_WhenDirectoryHasFilesOrDirs" computerName="TOP" duration="00:00:00.0009294" startTime="2025-07-14T13:26:10.1957131+07:00" endTime="2025-07-14T13:26:10.1966948+07:00" testType="13cdc9d9-ddb5-4fa4-a97d-d965ccfc6d4b" outcome="Passed" testListId="8c84fa94-04c1-424b-9868-57a2d4851a1d" relativeResultsDirectory="609cf728-46e6-4fc2-8666-12fc2df7828f" />
    <UnitTestResult executionId="221cf115-4032-487c-b225-5a8e055a21d6" testId="b63cc007-1bcb-520c-b6e3-7f1cd15b530a" testName="CreateIfNotExist_DoesNotThrow_WhenFileExists" computerName="TOP" duration="00:00:00.0004148" startTime="2025-07-14T13:26:10.1744941+07:00" endTime="2025-07-14T13:26:10.1749644+07:00" testType="13cdc9d9-ddb5-4fa4-a97d-d965ccfc6d4b" outcome="Passed" testListId="8c84fa94-04c1-424b-9868-57a2d4851a1d" relativeResultsDirectory="221cf115-4032-487c-b225-5a8e055a21d6" />
    <UnitTestResult executionId="27a39142-7b2c-415b-a383-6fe876afd7d2" testId="26fef98f-8310-ca89-db9f-2d552213f3fb" testName="Compress_StreamWithNoOptimization_ReturnsModelWithNoSaving" computerName="TOP" duration="00:00:01.9083466" startTime="2025-07-14T13:26:07.5712141+07:00" endTime="2025-07-14T13:26:09.4797888+07:00" testType="13cdc9d9-ddb5-4fa4-a97d-d965ccfc6d4b" outcome="Passed" testListId="8c84fa94-04c1-424b-9868-57a2d4851a1d" relativeResultsDirectory="27a39142-7b2c-415b-a383-6fe876afd7d2">
      <Output>
        <StdOut>-------------------------&#xD;
Process Standard Output: &#xD;
&#xD;
-------------------------&#xD;
------------------------&#xD;
Process Standard Error: &#xD;
&#xD;
-------------------------&#xD;
-------------------------&#xD;
Process Standard Output: &#xD;
&#xD;
-------------------------&#xD;
------------------------&#xD;
Process Standard Error: &#xD;
&#xD;
-------------------------&#xD;
-------------------------&#xD;
Process Standard Output: &#xD;
&#xD;
-------------------------&#xD;
------------------------&#xD;
Process Standard Error: &#xD;
&#xD;
-------------------------&#xD;
-------------------------&#xD;
Process Standard Output: &#xD;
&#xD;
-------------------------&#xD;
------------------------&#xD;
Process Standard Error: &#xD;
&#xD;
-------------------------&#xD;
-------------------------&#xD;
Process Standard Output: &#xD;
&#xD;
-------------------------&#xD;
------------------------&#xD;
Process Standard Error: &#xD;
&#xD;
-------------------------&#xD;
-------------------------&#xD;
Process Standard Output: &#xD;
&#xD;
-------------------------&#xD;
------------------------&#xD;
Process Standard Error: &#xD;
&#xD;
-------------------------&#xD;
-------------------------&#xD;
Process Standard Output: &#xD;
&#xD;
-------------------------&#xD;
------------------------&#xD;
Process Standard Error: &#xD;
&#xD;
-------------------------&#xD;
-------------------------&#xD;
Process Standard Output: &#xD;
&#xD;
-------------------------&#xD;
------------------------&#xD;
Process Standard Error: &#xD;
&#xD;
-------------------------&#xD;
-------------------------&#xD;
Process Standard Output: &#xD;
&#xD;
-------------------------&#xD;
------------------------&#xD;
Process Standard Error: &#xD;
&#xD;
-------------------------&#xD;
-------------------------&#xD;
Process Standard Output: &#xD;
&#xD;
-------------------------&#xD;
------------------------&#xD;
Process Standard Error: &#xD;
&#xD;
-------------------------</StdOut>
      </Output>
    </UnitTestResult>
    <UnitTestResult executionId="4faefcb7-b640-4d41-b84f-cefb812db20e" testId="86ab2cfa-bbcf-9b87-215f-f3d1826c69d7" testName="GetMimeType_ThrowsOnNull" computerName="TOP" duration="00:00:00.0000954" startTime="2025-07-14T13:26:10.1893659+07:00" endTime="2025-07-14T13:26:10.1894803+07:00" testType="13cdc9d9-ddb5-4fa4-a97d-d965ccfc6d4b" outcome="Passed" testListId="8c84fa94-04c1-424b-9868-57a2d4851a1d" relativeResultsDirectory="4faefcb7-b640-4d41-b84f-cefb812db20e" />
    <UnitTestResult executionId="b82c9f76-ce63-4574-9ab8-f37f054ec173" testId="e00266b7-3300-0d4f-3937-fdc79a611c24" testName="GetMimeType_ReturnsExpected (&quot;jpg&quot;,&quot;image/jpeg&quot;)" computerName="TOP" duration="00:00:00.0001314" startTime="2025-07-14T13:26:10.1887879+07:00" endTime="2025-07-14T13:26:10.1889661+07:00" testType="13cdc9d9-ddb5-4fa4-a97d-d965ccfc6d4b" outcome="Passed" testListId="8c84fa94-04c1-424b-9868-57a2d4851a1d" relativeResultsDirectory="b82c9f76-ce63-4574-9ab8-f37f054ec173" />
    <UnitTestResult executionId="105f17e0-3a5f-46c1-a451-61239dd3677d" testId="5f50692f-3d6a-7880-9239-c01a5e4d9a56" testName="CreateIfNotExist_CreatesDirectory_WhenNotExists" computerName="TOP" duration="00:00:00.0010654" startTime="2025-07-14T13:26:10.1901844+07:00" endTime="2025-07-14T13:26:10.1913174+07:00" testType="13cdc9d9-ddb5-4fa4-a97d-d965ccfc6d4b" outcome="Passed" testListId="8c84fa94-04c1-424b-9868-57a2d4851a1d" relativeResultsDirectory="105f17e0-3a5f-46c1-a451-61239dd3677d" />
    <UnitTestResult executionId="0cada07e-e485-4142-acfd-d54401a642a0" testId="3a817aa8-7dce-f991-1b39-83a249eb2731" testName="OnChanged_TriggersWhenFileModified" computerName="TOP" duration="00:00:00.0009563" startTime="2025-07-14T13:26:10.1864255+07:00" endTime="2025-07-14T13:26:10.1874267+07:00" testType="13cdc9d9-ddb5-4fa4-a97d-d965ccfc6d4b" outcome="Passed" testListId="8c84fa94-04c1-424b-9868-57a2d4851a1d" relativeResultsDirectory="0cada07e-e485-4142-acfd-d54401a642a0" />
    <UnitTestResult executionId="b34c757c-4e10-4555-a273-0b24f5109e4d" testId="a58f4beb-f03e-0aa6-4210-17f9ce0d8a8c" testName="WriteToStream_WritesFileContentToStream" computerName="TOP" duration="00:00:00.0007768" startTime="2025-07-14T13:26:10.1784982+07:00" endTime="2025-07-14T13:26:10.1793181+07:00" testType="13cdc9d9-ddb5-4fa4-a97d-d965ccfc6d4b" outcome="Passed" testListId="8c84fa94-04c1-424b-9868-57a2d4851a1d" relativeResultsDirectory="b34c757c-4e10-4555-a273-0b24f5109e4d" />
    <UnitTestResult executionId="8d367ed2-f512-460a-a34a-f64008e0041b" testId="b0311977-d8cc-1f82-d938-157212c5ba05" testName="RotateByExifOrientation_StringAndBytes_ReturnsValid" computerName="TOP" duration="00:00:00.0042986" startTime="2025-07-14T13:26:02.8092411+07:00" endTime="2025-07-14T13:26:02.8136052+07:00" testType="13cdc9d9-ddb5-4fa4-a97d-d965ccfc6d4b" outcome="Passed" testListId="8c84fa94-04c1-424b-9868-57a2d4851a1d" relativeResultsDirectory="8d367ed2-f512-460a-a34a-f64008e0041b" />
    <UnitTestResult executionId="0a6c5660-b0e9-489a-a2f0-5d81519107f9" testId="3895d866-0452-d48e-feb4-6c37e0ef8f17" testName="GetMimeType_ReturnsExpected (&quot;.jpg&quot;,&quot;image/jpeg&quot;)" computerName="TOP" duration="00:00:00.0000643" startTime="2025-07-14T13:26:10.1885577+07:00" endTime="2025-07-14T13:26:10.1887730+07:00" testType="13cdc9d9-ddb5-4fa4-a97d-d965ccfc6d4b" outcome="Passed" testListId="8c84fa94-04c1-424b-9868-57a2d4851a1d" relativeResultsDirectory="0a6c5660-b0e9-489a-a2f0-5d81519107f9" />
    <UnitTestResult executionId="99807a21-8336-4cd6-88df-5241ff8ccaa2" testId="ddb5ccc2-9b33-dc28-1bfd-c32cb9e3421d" testName="GetImageInfo_FromStream_ReturnsImageModel" computerName="TOP" duration="00:00:00.0003323" startTime="2025-07-14T13:26:02.6883201+07:00" endTime="2025-07-14T13:26:02.6887648+07:00" testType="13cdc9d9-ddb5-4fa4-a97d-d965ccfc6d4b" outcome="Passed" testListId="8c84fa94-04c1-424b-9868-57a2d4851a1d" relativeResultsDirectory="99807a21-8336-4cd6-88df-5241ff8ccaa2" />
    <UnitTestResult executionId="a9105143-bb07-4acb-aae8-4b0179230720" testId="f85f4b99-6edb-56ea-afca-38ae8af93a0c" testName="Compress_EmptyArguments_Throws" computerName="TOP" duration="00:00:00.0002822" startTime="2025-07-14T13:26:09.6984021+07:00" endTime="2025-07-14T13:26:09.6989361+07:00" testType="13cdc9d9-ddb5-4fa4-a97d-d965ccfc6d4b" outcome="Passed" testListId="8c84fa94-04c1-424b-9868-57a2d4851a1d" relativeResultsDirectory="a9105143-bb07-4acb-aae8-4b0179230720" />
    <UnitTestResult executionId="d9fe11f1-162c-46a2-816d-fc5c6cdfecd9" testId="71480f8b-549b-906d-0152-262ccf49a5c4" testName="GetExtension_ReturnsExpected (&quot;image/jpeg&quot;,&quot;.jpg&quot;)" computerName="TOP" duration="00:00:00.0000422" startTime="2025-07-14T13:26:10.1894898+07:00" endTime="2025-07-14T13:26:10.1895671+07:00" testType="13cdc9d9-ddb5-4fa4-a97d-d965ccfc6d4b" outcome="Passed" testListId="8c84fa94-04c1-424b-9868-57a2d4851a1d" relativeResultsDirectory="d9fe11f1-162c-46a2-816d-fc5c6cdfecd9" />
    <UnitTestResult executionId="1e7ae158-54e2-4ee4-9948-509bac44bde4" testId="5e51ac55-855c-f473-eaf2-6f3e89b01f07" testName="TryGetHexCode_FromFilePath_ShouldReturnTrueAndHex" computerName="TOP" duration="00:00:00.0006086" startTime="2025-07-14T13:26:10.1706919+07:00" endTime="2025-07-14T13:26:10.1713472+07:00" testType="13cdc9d9-ddb5-4fa4-a97d-d965ccfc6d4b" outcome="Passed" testListId="8c84fa94-04c1-424b-9868-57a2d4851a1d" relativeResultsDirectory="1e7ae158-54e2-4ee4-9948-509bac44bde4" />
    <UnitTestResult executionId="d11227e6-d194-4d5e-b8eb-5e1b1ec1ebde" testId="4b469241-6071-8429-cfe3-b9e43501d592" testName="GetFullPath_RelativePath_CombinesWithBasePath (&quot;folder/file.txt&quot;)" computerName="TOP" duration="00:00:00.0013291" startTime="2025-07-14T13:26:02.5999827+07:00" endTime="2025-07-14T13:26:02.6032328+07:00" testType="13cdc9d9-ddb5-4fa4-a97d-d965ccfc6d4b" outcome="Passed" testListId="8c84fa94-04c1-424b-9868-57a2d4851a1d" relativeResultsDirectory="d11227e6-d194-4d5e-b8eb-5e1b1ec1ebde" />
    <UnitTestResult executionId="c177c56a-9100-4e10-aa28-7c2383f37183" testId="833445af-acb0-0e5e-6dd9-273a3c9b6fe3" testName="CorrectPathSeparatorChar_NullOrWhitespace_ReturnsInput (null,null)" computerName="TOP" duration="00:00:00.0000727" startTime="2025-07-14T13:26:02.6209322+07:00" endTime="2025-07-14T13:26:02.6210378+07:00" testType="13cdc9d9-ddb5-4fa4-a97d-d965ccfc6d4b" outcome="Passed" testListId="8c84fa94-04c1-424b-9868-57a2d4851a1d" relativeResultsDirectory="c177c56a-9100-4e10-aa28-7c2383f37183" />
    <UnitTestResult executionId="765858ab-1ff2-42db-ab4b-cd403b4fda7b" testId="4efb3fa4-fc19-2b66-6944-b3cbe37c47d2" testName="TryGetHexCode_FromMemoryStream_ShouldReturnTrueAndHex" computerName="TOP" duration="00:00:00.0002868" startTime="2025-07-14T13:26:10.1679655+07:00" endTime="2025-07-14T13:26:10.1683004+07:00" testType="13cdc9d9-ddb5-4fa4-a97d-d965ccfc6d4b" outcome="Passed" testListId="8c84fa94-04c1-424b-9868-57a2d4851a1d" relativeResultsDirectory="765858ab-1ff2-42db-ab4b-cd403b4fda7b" />
    <UnitTestResult executionId="8abca8af-9c66-4c63-abd5-69da62c3b686" testId="5feb7ce3-17d2-377d-edb0-ab65d83f5401" testName="Compress_StreamWithMultipleQualityAttempts_Works" computerName="TOP" duration="00:00:00.2179934" startTime="2025-07-14T13:26:09.4798974+07:00" endTime="2025-07-14T13:26:09.6982732+07:00" testType="13cdc9d9-ddb5-4fa4-a97d-d965ccfc6d4b" outcome="Passed" testListId="8c84fa94-04c1-424b-9868-57a2d4851a1d" relativeResultsDirectory="8abca8af-9c66-4c63-abd5-69da62c3b686">
      <Output>
        <StdOut>-------------------------&#xD;
Process Standard Output: &#xD;
&#xD;
-------------------------&#xD;
------------------------&#xD;
Process Standard Error: &#xD;
&#xD;
-------------------------</StdOut>
      </Output>
    </UnitTestResult>
    <UnitTestResult executionId="a02c3bc6-ac99-4ad6-a532-b96d9d24c642" testId="9ebbd98a-0baa-35ea-f754-297702b380cb" testName="CreateTempFile_Stream_CreatesFileWithContent" computerName="TOP" duration="00:00:00.0004521" startTime="2025-07-14T13:26:10.1766301+07:00" endTime="2025-07-14T13:26:10.1771248+07:00" testType="13cdc9d9-ddb5-4fa4-a97d-d965ccfc6d4b" outcome="Passed" testListId="8c84fa94-04c1-424b-9868-57a2d4851a1d" relativeResultsDirectory="a02c3bc6-ac99-4ad6-a532-b96d9d24c642" />
    <UnitTestResult executionId="76fac9f4-be3d-49de-a5b1-3b60e3b4c925" testId="b0ab6548-3e6d-bd4a-3158-06979f4645aa" testName="GetColor_FromMemoryStream_ShouldReturnCorrectColor" computerName="TOP" duration="00:00:00.0003533" startTime="2025-07-14T13:26:10.1684822+07:00" endTime="2025-07-14T13:26:10.1688845+07:00" testType="13cdc9d9-ddb5-4fa4-a97d-d965ccfc6d4b" outcome="Passed" testListId="8c84fa94-04c1-424b-9868-57a2d4851a1d" relativeResultsDirectory="76fac9f4-be3d-49de-a5b1-3b60e3b4c925" />
    <UnitTestResult executionId="9e1cc823-3960-40fa-adfc-ef9c44ca52bf" testId="aea027b4-0a81-ab86-f977-46e18e936f59" testName="CorrectPathSeparatorChar_ReplacesWithDirSeparator (&quot;folder/subfolder/file.txt&quot;)" computerName="TOP" duration="00:00:00.0000606" startTime="2025-07-14T13:26:02.6213568+07:00" endTime="2025-07-14T13:26:02.6214680+07:00" testType="13cdc9d9-ddb5-4fa4-a97d-d965ccfc6d4b" outcome="Passed" testListId="8c84fa94-04c1-424b-9868-57a2d4851a1d" relativeResultsDirectory="9e1cc823-3960-40fa-adfc-ef9c44ca52bf" />
    <UnitTestResult executionId="7da3b032-e0e5-4944-889b-392e370e2253" testId="952a55be-c504-0e18-3f2e-c22da1e5f986" testName="GetImageInfo_FromBytes_ReturnsImageModel" computerName="TOP" duration="00:00:00.0005325" startTime="2025-07-14T13:26:02.6863303+07:00" endTime="2025-07-14T13:26:02.6870021+07:00" testType="13cdc9d9-ddb5-4fa4-a97d-d965ccfc6d4b" outcome="Passed" testListId="8c84fa94-04c1-424b-9868-57a2d4851a1d" relativeResultsDirectory="7da3b032-e0e5-4944-889b-392e370e2253" />
    <UnitTestResult executionId="9fd65195-9154-4300-bfd1-33470d885e98" testId="3b1db870-8c36-dba8-65fb-0fb8a4b51b4b" testName="GetImageBase64Format_ReturnsFormattedString" computerName="TOP" duration="00:00:00.0001623" startTime="2025-07-14T13:26:02.8088045+07:00" endTime="2025-07-14T13:26:02.8090403+07:00" testType="13cdc9d9-ddb5-4fa4-a97d-d965ccfc6d4b" outcome="Passed" testListId="8c84fa94-04c1-424b-9868-57a2d4851a1d" relativeResultsDirectory="9fd65195-9154-4300-bfd1-33470d885e98" />
    <UnitTestResult executionId="38a8b80b-ce48-469d-a9c0-b1a2241cf9ce" testId="7d0dfe92-b55d-a9e6-a265-f8f099c3347e" testName="GetMimeType_ReturnsExpected (&quot;.unknown&quot;,&quot;application/octet-stream&quot;)" computerName="TOP" duration="00:00:00.0000087" startTime="2025-07-14T13:26:10.1892383+07:00" endTime="2025-07-14T13:26:10.1893135+07:00" testType="13cdc9d9-ddb5-4fa4-a97d-d965ccfc6d4b" outcome="Passed" testListId="8c84fa94-04c1-424b-9868-57a2d4851a1d" relativeResultsDirectory="38a8b80b-ce48-469d-a9c0-b1a2241cf9ce" />
    <UnitTestResult executionId="5cfae32d-6436-45ed-9d93-495c774c9642" testId="d101d317-553e-c369-f7a8-d2c5f2073f22" testName="GetExtension_ThrowsOnNull" computerName="TOP" duration="00:00:00.0000595" startTime="2025-07-14T13:26:10.1896888+07:00" endTime="2025-07-14T13:26:10.1897745+07:00" testType="13cdc9d9-ddb5-4fa4-a97d-d965ccfc6d4b" outcome="Passed" testListId="8c84fa94-04c1-424b-9868-57a2d4851a1d" relativeResultsDirectory="5cfae32d-6436-45ed-9d93-495c774c9642" />
    <UnitTestResult executionId="89325caf-8147-472c-9784-af30d245905b" testId="ab70032d-8e0d-a360-ef1d-0d75c122bb1a" testName="GetRandom_ShouldReturnDifferentColors" computerName="TOP" duration="00:00:00.0001199" startTime="2025-07-14T13:26:10.1671537+07:00" endTime="2025-07-14T13:26:10.1673296+07:00" testType="13cdc9d9-ddb5-4fa4-a97d-d965ccfc6d4b" outcome="Passed" testListId="8c84fa94-04c1-424b-9868-57a2d4851a1d" relativeResultsDirectory="89325caf-8147-472c-9784-af30d245905b" />
    <UnitTestResult executionId="7cbc7386-61d2-44bb-93af-1e15554bd8e5" testId="cefa80e0-7424-328d-306f-6fc348079a72" testName="Resize_FromFilePath_ResizesCorrectly" computerName="TOP" duration="00:00:00.0352237" startTime="2025-07-14T13:26:02.8151019+07:00" endTime="2025-07-14T13:26:02.8505040+07:00" testType="13cdc9d9-ddb5-4fa4-a97d-d965ccfc6d4b" outcome="Passed" testListId="8c84fa94-04c1-424b-9868-57a2d4851a1d" relativeResultsDirectory="7cbc7386-61d2-44bb-93af-1e15554bd8e5" />
    <UnitTestResult executionId="a0e29d8d-5078-46ba-868b-e9df74ddb585" testId="1b2b3005-68d3-6de5-358a-40faeaf99ffe" testName="SafeDelete_ReturnsFalse_OnException" computerName="TOP" duration="00:00:00.0000478" startTime="2025-07-14T13:26:10.1778837+07:00" endTime="2025-07-14T13:26:10.1779659+07:00" testType="13cdc9d9-ddb5-4fa4-a97d-d965ccfc6d4b" outcome="Passed" testListId="8c84fa94-04c1-424b-9868-57a2d4851a1d" relativeResultsDirectory="a0e29d8d-5078-46ba-868b-e9df74ddb585" />
    <UnitTestResult executionId="28702d95-e303-4a54-b8b0-7f237fb48957" testId="3f5c4878-6237-31bf-d5db-91bcec0fb472" testName="OnChanged_Property_CanBeSetAndGet" computerName="TOP" duration="00:00:00.0004551" startTime="2025-07-14T13:26:10.1880385+07:00" endTime="2025-07-14T13:26:10.1885376+07:00" testType="13cdc9d9-ddb5-4fa4-a97d-d965ccfc6d4b" outcome="Passed" testListId="8c84fa94-04c1-424b-9868-57a2d4851a1d" relativeResultsDirectory="28702d95-e303-4a54-b8b0-7f237fb48957" />
    <UnitTestResult executionId="63ed03ba-288a-4fb1-a3c3-5f984df213f7" testId="95ec9135-07a6-77d5-b33b-e61077fbf39b" testName="TryGetColor_FromInvalidMemoryStream_ShouldReturnFalse" computerName="TOP" duration="00:00:00.0001499" startTime="2025-07-14T13:26:10.1727469+07:00" endTime="2025-07-14T13:26:10.1729293+07:00" testType="13cdc9d9-ddb5-4fa4-a97d-d965ccfc6d4b" outcome="Passed" testListId="8c84fa94-04c1-424b-9868-57a2d4851a1d" relativeResultsDirectory="63ed03ba-288a-4fb1-a3c3-5f984df213f7" />
    <UnitTestResult executionId="0bc1137f-3cf3-4d17-a30f-a9f47842dd2a" testId="e35637ce-ec93-de53-a365-658dba95ada6" testName="CreateIfNotExist_WithPermissions_CallsSetLinuxFilePermission" computerName="TOP" duration="00:00:00.0006691" startTime="2025-07-14T13:26:10.1749834+07:00" endTime="2025-07-14T13:26:10.1756985+07:00" testType="13cdc9d9-ddb5-4fa4-a97d-d965ccfc6d4b" outcome="Passed" testListId="8c84fa94-04c1-424b-9868-57a2d4851a1d" relativeResultsDirectory="0bc1137f-3cf3-4d17-a30f-a9f47842dd2a" />
    <UnitTestResult executionId="1124a716-2902-4a2a-baf2-15a162185c34" testId="b93bef96-fc8e-d044-8cf9-7c73e6b438e5" testName="GetRandom_ShouldReturnRgb24ColorWithinRange" computerName="TOP" duration="00:00:00.0002316" startTime="2025-07-14T13:26:10.1665188+07:00" endTime="2025-07-14T13:26:10.1668035+07:00" testType="13cdc9d9-ddb5-4fa4-a97d-d965ccfc6d4b" outcome="Passed" testListId="8c84fa94-04c1-424b-9868-57a2d4851a1d" relativeResultsDirectory="1124a716-2902-4a2a-baf2-15a162185c34" />
    <UnitTestResult executionId="62268abb-9dd3-49f7-ae12-1d0295aa0436" testId="91269ea1-120c-fdc0-04ba-9a9e5270f76e" testName="IsValidBase64_ReturnsFalse_ForInvalidBase64" computerName="TOP" duration="00:00:00.0000869" startTime="2025-07-14T13:26:10.1783461+07:00" endTime="2025-07-14T13:26:10.1784739+07:00" testType="13cdc9d9-ddb5-4fa4-a97d-d965ccfc6d4b" outcome="Passed" testListId="8c84fa94-04c1-424b-9868-57a2d4851a1d" relativeResultsDirectory="62268abb-9dd3-49f7-ae12-1d0295aa0436" />
    <UnitTestResult executionId="f638170a-443c-49b7-9946-f91a55153f5d" testId="a6163d93-a05f-4145-bc11-e53e3d69d62d" testName="TryGetHexCode_FromInvalidFilePath_ShouldReturnFalse" computerName="TOP" duration="00:00:00.0001258" startTime="2025-07-14T13:26:10.1713663+07:00" endTime="2025-07-14T13:26:10.1715373+07:00" testType="13cdc9d9-ddb5-4fa4-a97d-d965ccfc6d4b" outcome="Passed" testListId="8c84fa94-04c1-424b-9868-57a2d4851a1d" relativeResultsDirectory="f638170a-443c-49b7-9946-f91a55153f5d" />
    <UnitTestResult executionId="5a606607-c32c-44cf-95f9-bd09fe9b60f2" testId="2226e4d4-2567-1d2e-574f-b5b52a3b7051" testName="Resize_ThrowsOnInvalidBytes" computerName="TOP" duration="00:00:00.0007706" startTime="2025-07-14T13:26:02.8559785+07:00" endTime="2025-07-14T13:26:02.8568377+07:00" testType="13cdc9d9-ddb5-4fa4-a97d-d965ccfc6d4b" outcome="Passed" testListId="8c84fa94-04c1-424b-9868-57a2d4851a1d" relativeResultsDirectory="5a606607-c32c-44cf-95f9-bd09fe9b60f2" />
    <UnitTestResult executionId="2642bec7-a703-4508-bd47-d1a429a5a20f" testId="8fec715f-dc75-f135-db8c-9cb578cf3c07" testName="Resize_AllResizeTypes_Work" computerName="TOP" duration="00:00:00.0081574" startTime="2025-07-14T13:26:02.8568635+07:00" endTime="2025-07-14T13:26:02.8651149+07:00" testType="13cdc9d9-ddb5-4fa4-a97d-d965ccfc6d4b" outcome="Passed" testListId="8c84fa94-04c1-424b-9868-57a2d4851a1d" relativeResultsDirectory="2642bec7-a703-4508-bd47-d1a429a5a20f" />
    <UnitTestResult executionId="6e401d87-3b9c-4df0-a1a8-00628af332a7" testId="648cd995-3bae-c0ae-fa7c-6aad1e885a51" testName="GetExtension_ReturnsEmptyOnNotFoundAndNoThrow" computerName="TOP" duration="00:00:00.0000331" startTime="2025-07-14T13:26:10.1899109+07:00" endTime="2025-07-14T13:26:10.1899615+07:00" testType="13cdc9d9-ddb5-4fa4-a97d-d965ccfc6d4b" outcome="Passed" testListId="8c84fa94-04c1-424b-9868-57a2d4851a1d" relativeResultsDirectory="6e401d87-3b9c-4df0-a1a8-00628af332a7" />
    <UnitTestResult executionId="bafc88b6-104c-4733-91c3-b73bfac71ace" testId="4e10ee00-9466-af4c-12ed-0c140e04aeee" testName="Compress_InvalidStream_Throws" computerName="TOP" duration="00:00:00.0027821" startTime="2025-07-14T13:26:02.8756296+07:00" endTime="2025-07-14T13:26:02.8784614+07:00" testType="13cdc9d9-ddb5-4fa4-a97d-d965ccfc6d4b" outcome="Passed" testListId="8c84fa94-04c1-424b-9868-57a2d4851a1d" relativeResultsDirectory="bafc88b6-104c-4733-91c3-b73bfac71ace">
      <Output>
        <StdOut>Debug Trace:&#xD;
SixLabors.ImageSharp.UnknownImageFormatException: Image cannot be loaded. Available decoders:&#xD;
 - QOI : QoiDecoder&#xD;
 - PNG : PngDecoder&#xD;
 - PBM : PbmDecoder&#xD;
 - GIF : GifDecoder&#xD;
 - Webp : WebpDecoder&#xD;
 - BMP : BmpDecoder&#xD;
 - TGA : TgaDecoder&#xD;
 - TIFF : TiffDecoder&#xD;
 - JPEG : JpegDecoder&#xD;
&#xD;
   at SixLabors.ImageSharp.Formats.ImageFormatManager.ThrowInvalidDecoder(ImageFormatManager manager)&#xD;
   at SixLabors.ImageSharp.Image.InternalDetectFormat(Configuration configuration, Stream stream)&#xD;
   at SixLabors.ImageSharp.Image.DiscoverDecoder(DecoderOptions options, Stream stream)&#xD;
   at SixLabors.ImageSharp.Image.Decode(DecoderOptions options, Stream stream)&#xD;
   at SixLabors.ImageSharp.Image.&lt;&gt;c__DisplayClass80_0.&lt;Load&gt;b__0(Stream s)&#xD;
   at SixLabors.ImageSharp.Image.WithSeekableStream[T](DecoderOptions options, Stream stream, Func`2 action)&#xD;
   at SixLabors.ImageSharp.Image.Load(DecoderOptions options, Stream stream)&#xD;
   at SixLabors.ImageSharp.Image.Load(Stream stream)&#xD;
   at Elect.Data.IO.ImageUtils.CompressUtils.Helper.TryGetCompressImageType(MemoryStream imageStream, CompressImageType&amp; compressImageType) in D:\TOP\GIT\Elect\src\Data\Elect.Data.IO\ImageUtils\CompressUtils\Helper.cs:line 49</StdOut>
      </Output>
    </UnitTestResult>
    <UnitTestResult executionId="cf3c5156-b55d-4d4d-a942-69d3fb91fb4a" testId="4b3849f6-7299-205e-9512-6bfa4393dd52" testName="CorrectPathSeparatorChar_ReplacesWithDirSeparator (&quot;folder\subfolder/file.txt&quot;)" computerName="TOP" duration="00:00:00.0000032" startTime="2025-07-14T13:26:02.6214809+07:00" endTime="2025-07-14T13:26:02.6215297+07:00" testType="13cdc9d9-ddb5-4fa4-a97d-d965ccfc6d4b" outcome="Passed" testListId="8c84fa94-04c1-424b-9868-57a2d4851a1d" relativeResultsDirectory="cf3c5156-b55d-4d4d-a942-69d3fb91fb4a" />
    <UnitTestResult executionId="b0187b40-f253-49c2-93f5-dd2e1c5c5c6f" testId="213540b8-ac3f-90b1-c95a-44d6a7b0f615" testName="Empty_RemovesAllFilesAndDirectories" computerName="TOP" duration="00:00:00.0014014" startTime="2025-07-14T13:26:10.1932899+07:00" endTime="2025-07-14T13:26:10.1947379+07:00" testType="13cdc9d9-ddb5-4fa4-a97d-d965ccfc6d4b" outcome="Passed" testListId="8c84fa94-04c1-424b-9868-57a2d4851a1d" relativeResultsDirectory="b0187b40-f253-49c2-93f5-dd2e1c5c5c6f" />
    <UnitTestResult executionId="49c93ecf-f0d2-40c2-ae50-403bb7cfc3aa" testId="aa206ce1-cf0f-f1dd-5eee-26d55c163bf3" testName="TryGetColor_Success_SetsDominantColor" computerName="TOP" duration="00:00:00.0001591" startTime="2025-07-14T13:26:10.1729458+07:00" endTime="2025-07-14T13:26:10.1731531+07:00" testType="13cdc9d9-ddb5-4fa4-a97d-d965ccfc6d4b" outcome="Passed" testListId="8c84fa94-04c1-424b-9868-57a2d4851a1d" relativeResultsDirectory="49c93ecf-f0d2-40c2-ae50-403bb7cfc3aa" />
    <UnitTestResult executionId="ad4107f3-eb64-4916-b21d-0c06018e548d" testId="58027957-609a-3571-1d0c-d06de038d632" testName="ToHexCode_ShouldReturnCorrectHex" computerName="TOP" duration="00:00:00.0007286" startTime="2025-07-14T13:26:10.1652638+07:00" endTime="2025-07-14T13:26:10.1661445+07:00" testType="13cdc9d9-ddb5-4fa4-a97d-d965ccfc6d4b" outcome="Passed" testListId="8c84fa94-04c1-424b-9868-57a2d4851a1d" relativeResultsDirectory="ad4107f3-eb64-4916-b21d-0c06018e548d" />
    <UnitTestResult executionId="dba74307-7dc8-47fa-a1e2-5aaa8bd4a587" testId="df896f05-6b9a-e3a1-85b6-47091e3061f8" testName="TryGetHexCode_FromInvalidMemoryStream_ShouldReturnFalse" computerName="TOP" duration="00:00:00.0001075" startTime="2025-07-14T13:26:10.1683191+07:00" endTime="2025-07-14T13:26:10.1684662+07:00" testType="13cdc9d9-ddb5-4fa4-a97d-d965ccfc6d4b" outcome="Passed" testListId="8c84fa94-04c1-424b-9868-57a2d4851a1d" relativeResultsDirectory="dba74307-7dc8-47fa-a1e2-5aaa8bd4a587" />
    <UnitTestResult executionId="dc486821-1d4c-4cc6-ad4e-54d3a4e3ffa1" testId="222ad54e-2e36-1d02-a101-5e4d4778ba2b" testName="GenerateTextImageBase64_ReturnsBase64" computerName="TOP" duration="00:00:00.1175906" startTime="2025-07-14T13:26:02.6891164+07:00" endTime="2025-07-14T13:26:02.8067876+07:00" testType="13cdc9d9-ddb5-4fa4-a97d-d965ccfc6d4b" outcome="Passed" testListId="8c84fa94-04c1-424b-9868-57a2d4851a1d" relativeResultsDirectory="dc486821-1d4c-4cc6-ad4e-54d3a4e3ffa1" />
    <UnitTestResult executionId="347b191e-98ab-4009-a834-61ff8dc58b81" testId="ad617111-a77a-dc8f-0b15-7565c56c5775" testName="GetColor_WithInvalidRegion_ShouldThrow" computerName="TOP" duration="00:00:00.0002193" startTime="2025-07-14T13:26:10.1691851+07:00" endTime="2025-07-14T13:26:10.1694528+07:00" testType="13cdc9d9-ddb5-4fa4-a97d-d965ccfc6d4b" outcome="Passed" testListId="8c84fa94-04c1-424b-9868-57a2d4851a1d" relativeResultsDirectory="347b191e-98ab-4009-a834-61ff8dc58b81" />
    <UnitTestResult executionId="aaa05262-d0f9-4447-91f3-24cdc5e1af3f" testId="1c426b47-b798-cb41-2332-c2359de62c8e" testName="CreateIfNotExist_Throws_OnNull" computerName="TOP" duration="00:00:00.0005092" startTime="2025-07-14T13:26:10.1922307+07:00" endTime="2025-07-14T13:26:10.1927942+07:00" testType="13cdc9d9-ddb5-4fa4-a97d-d965ccfc6d4b" outcome="Passed" testListId="8c84fa94-04c1-424b-9868-57a2d4851a1d" relativeResultsDirectory="aaa05262-d0f9-4447-91f3-24cdc5e1af3f" />
    <UnitTestResult executionId="93eac7ba-b81c-4b38-be74-3e0a1bd491e8" testId="8a959175-cc26-c7e2-40f9-3a56161076fd" testName="Save_ValidStreamAndPath_FileIsCreatedWithCorrectContent" computerName="TOP" duration="00:00:00.0085432" startTime="2025-07-14T13:26:02.5746003+07:00" endTime="2025-07-14T13:26:02.5930960+07:00" testType="13cdc9d9-ddb5-4fa4-a97d-d965ccfc6d4b" outcome="Passed" testListId="8c84fa94-04c1-424b-9868-57a2d4851a1d" relativeResultsDirectory="93eac7ba-b81c-4b38-be74-3e0a1bd491e8" />
    <UnitTestResult executionId="1a66e6f8-c96d-43e2-ad50-5f6c437b4ec8" testId="c5a026cc-32e7-c969-5644-798f1b0af0eb" testName="Compress_InvalidFilePath_Throws" computerName="TOP" duration="00:00:00.0003488" startTime="2025-07-14T13:26:02.8751808+07:00" endTime="2025-07-14T13:26:02.8756094+07:00" testType="13cdc9d9-ddb5-4fa4-a97d-d965ccfc6d4b" outcome="Passed" testListId="8c84fa94-04c1-424b-9868-57a2d4851a1d" relativeResultsDirectory="1a66e6f8-c96d-43e2-ad50-5f6c437b4ec8" />
    <UnitTestResult executionId="0799594d-767e-47df-b2bf-ef4df72b6bfd" testId="c269c789-4128-f608-56e6-59db36e45323" testName="GetExtension_ThrowsOnNotFound" computerName="TOP" duration="00:00:00.0000357" startTime="2025-07-14T13:26:10.1898513+07:00" endTime="2025-07-14T13:26:10.1899033+07:00" testType="13cdc9d9-ddb5-4fa4-a97d-d965ccfc6d4b" outcome="Passed" testListId="8c84fa94-04c1-424b-9868-57a2d4851a1d" relativeResultsDirectory="0799594d-767e-47df-b2bf-ef4df72b6bfd" />
    <UnitTestResult executionId="c9a5cf89-7d28-4bc4-b626-4cbeedfa75b8" testId="adabe649-3665-e8c3-8b25-49276e2c2be5" testName="SafeDelete_ReturnsTrue_WhenFileDoesNotExist" computerName="TOP" duration="00:00:00.0002878" startTime="2025-07-14T13:26:10.1775339+07:00" endTime="2025-07-14T13:26:10.1778656+07:00" testType="13cdc9d9-ddb5-4fa4-a97d-d965ccfc6d4b" outcome="Passed" testListId="8c84fa94-04c1-424b-9868-57a2d4851a1d" relativeResultsDirectory="c9a5cf89-7d28-4bc4-b626-4cbeedfa75b8" />
    <UnitTestResult executionId="317f8ce3-1e1e-4e62-8828-d3f4aa700faa" testId="ea1b79ca-66b2-3be0-6749-60d6f9070697" testName="GetImageInfo_FromBase64_ReturnsImageModel" computerName="TOP" duration="00:00:00.0645156" startTime="2025-07-14T13:26:02.6215388+07:00" endTime="2025-07-14T13:26:02.6862123+07:00" testType="13cdc9d9-ddb5-4fa4-a97d-d965ccfc6d4b" outcome="Passed" testListId="8c84fa94-04c1-424b-9868-57a2d4851a1d" relativeResultsDirectory="317f8ce3-1e1e-4e62-8828-d3f4aa700faa" />
    <UnitTestResult executionId="880d817a-ab18-4d28-a8e2-d116009cf65a" testId="27b4537c-89cb-a671-8d7c-929747bd6eec" testName="GetExtension_ReturnsExpected (&quot;application/xml&quot;,&quot;.xml&quot;)" computerName="TOP" duration="00:00:00.0000722" startTime="2025-07-14T13:26:10.1895764+07:00" endTime="2025-07-14T13:26:10.1896785+07:00" testType="13cdc9d9-ddb5-4fa4-a97d-d965ccfc6d4b" outcome="Passed" testListId="8c84fa94-04c1-424b-9868-57a2d4851a1d" relativeResultsDirectory="880d817a-ab18-4d28-a8e2-d116009cf65a" />
    <UnitTestResult executionId="e7a915b7-0677-4d7f-8bd6-faa396329df4" testId="482c4b7f-7d09-f5b3-4353-90921f78c441" testName="WriteToStream_DoesNothing_WhenFileNotExists" computerName="TOP" duration="00:00:00.0001452" startTime="2025-07-14T13:26:10.1793387+07:00" endTime="2025-07-14T13:26:10.1795233+07:00" testType="13cdc9d9-ddb5-4fa4-a97d-d965ccfc6d4b" outcome="Passed" testListId="8c84fa94-04c1-424b-9868-57a2d4851a1d" relativeResultsDirectory="e7a915b7-0677-4d7f-8bd6-faa396329df4" />
    <UnitTestResult executionId="d644d70e-1d33-457a-b521-28671959db8a" testId="d2731e21-bee3-528c-0161-e160b0fe6e5b" testName="IsEmpty_ReturnsTrue_WhenDirectoryIsEmpty" computerName="TOP" duration="00:00:00.0008689" startTime="2025-07-14T13:26:10.1947617+07:00" endTime="2025-07-14T13:26:10.1956911+07:00" testType="13cdc9d9-ddb5-4fa4-a97d-d965ccfc6d4b" outcome="Passed" testListId="8c84fa94-04c1-424b-9868-57a2d4851a1d" relativeResultsDirectory="d644d70e-1d33-457a-b521-28671959db8a" />
    <UnitTestResult executionId="53423a85-b1c2-4e79-803d-ae7efe4aef86" testId="c2cc35f5-7237-7ed7-018e-ea159039d2d7" testName="Constructor_WithPathAndDelegate_SetsUpWatcherAndDelegate" computerName="TOP" duration="00:00:00.0007429" startTime="2025-07-14T13:26:10.1844485+07:00" endTime="2025-07-14T13:26:10.1852589+07:00" testType="13cdc9d9-ddb5-4fa4-a97d-d965ccfc6d4b" outcome="Passed" testListId="8c84fa94-04c1-424b-9868-57a2d4851a1d" relativeResultsDirectory="53423a85-b1c2-4e79-803d-ae7efe4aef86" />
    <UnitTestResult executionId="770ddced-f751-4487-bd14-7699f9b2382b" testId="d0d3a8f0-ca0e-b51d-6e04-4a423598764e" testName="GetFullPath_AbsolutePath_ReturnsAsIs" computerName="TOP" duration="00:00:00.0000711" startTime="2025-07-14T13:26:02.5998646+07:00" endTime="2025-07-14T13:26:02.5999675+07:00" testType="13cdc9d9-ddb5-4fa4-a97d-d965ccfc6d4b" outcome="Passed" testListId="8c84fa94-04c1-424b-9868-57a2d4851a1d" relativeResultsDirectory="770ddced-f751-4487-bd14-7699f9b2382b" />
    <UnitTestResult executionId="e8e3f356-26ca-444f-9999-a5791e8fd948" testId="98b15add-0a96-adbe-cf82-96a7cd9bf93f" testName="Stop_DisablesWatcher" computerName="TOP" duration="00:00:00.0003707" startTime="2025-07-14T13:26:10.1859920+07:00" endTime="2025-07-14T13:26:10.1864061+07:00" testType="13cdc9d9-ddb5-4fa4-a97d-d965ccfc6d4b" outcome="Passed" testListId="8c84fa94-04c1-424b-9868-57a2d4851a1d" relativeResultsDirectory="e8e3f356-26ca-444f-9999-a5791e8fd948" />
    <UnitTestResult executionId="a6aa7676-bc0f-4644-a087-ebe7878f117a" testId="4bde2147-fef4-4993-1268-7e19cb6abbaf" testName="GetMimeType_ReturnsExpected (&quot;unknown&quot;,&quot;application/octet-stream&quot;)" computerName="TOP" duration="00:00:00.0000028" startTime="2025-07-14T13:26:10.1893305+07:00" endTime="2025-07-14T13:26:10.1893586+07:00" testType="13cdc9d9-ddb5-4fa4-a97d-d965ccfc6d4b" outcome="Passed" testListId="8c84fa94-04c1-424b-9868-57a2d4851a1d" relativeResultsDirectory="a6aa7676-bc0f-4644-a087-ebe7878f117a" />
    <UnitTestResult executionId="ec01117c-693c-4f5c-a3be-de8510bf065c" testId="71c12da7-f7d6-d2b9-5904-247f02297f22" testName="Compress_ValidStream_ReturnsModel" computerName="TOP" duration="00:00:01.1235270" startTime="2025-07-14T13:26:02.8786466+07:00" endTime="2025-07-14T13:26:04.0039487+07:00" testType="13cdc9d9-ddb5-4fa4-a97d-d965ccfc6d4b" outcome="Passed" testListId="8c84fa94-04c1-424b-9868-57a2d4851a1d" relativeResultsDirectory="ec01117c-693c-4f5c-a3be-de8510bf065c">
      <Output>
        <StdOut>-------------------------&#xD;
Process Standard Output: &#xD;
&#xD;
-------------------------&#xD;
------------------------&#xD;
Process Standard Error: &#xD;
&#xD;
-------------------------&#xD;
-------------------------&#xD;
Process Standard Output: &#xD;
&#xD;
-------------------------&#xD;
------------------------&#xD;
Process Standard Error: &#xD;
&#xD;
-------------------------&#xD;
-------------------------&#xD;
Process Standard Output: &#xD;
&#xD;
-------------------------&#xD;
------------------------&#xD;
Process Standard Error: &#xD;
&#xD;
-------------------------&#xD;
-------------------------&#xD;
Process Standard Output: &#xD;
&#xD;
-------------------------&#xD;
------------------------&#xD;
Process Standard Error: &#xD;
&#xD;
-------------------------&#xD;
-------------------------&#xD;
Process Standard Output: &#xD;
&#xD;
-------------------------&#xD;
------------------------&#xD;
Process Standard Error: &#xD;
&#xD;
-------------------------&#xD;
-------------------------&#xD;
Process Standard Output: &#xD;
&#xD;
-------------------------&#xD;
------------------------&#xD;
Process Standard Error: &#xD;
&#xD;
-------------------------&#xD;
-------------------------&#xD;
Process Standard Output: &#xD;
&#xD;
-------------------------&#xD;
------------------------&#xD;
Process Standard Error: &#xD;
&#xD;
-------------------------</StdOut>
      </Output>
    </UnitTestResult>
    <UnitTestResult executionId="58c55195-e9a2-427a-83c1-3ba108ae72b5" testId="cfc05b52-f4b9-84cd-7f28-7a33034370b4" testName="SetLinuxFilePermission_DoesNothing_OnWindows" computerName="TOP" duration="00:00:00.0002644" startTime="2025-07-14T13:26:10.1757179+07:00" endTime="2025-07-14T13:26:10.1760276+07:00" testType="13cdc9d9-ddb5-4fa4-a97d-d965ccfc6d4b" outcome="Passed" testListId="8c84fa94-04c1-424b-9868-57a2d4851a1d" relativeResultsDirectory="58c55195-e9a2-427a-83c1-3ba108ae72b5" />
    <UnitTestResult executionId="2baa8497-1a9d-4171-9f91-5a656ca49fc8" testId="a972b21e-5d15-75d3-0473-a76b001ca63d" testName="MakeValidFileName_UsesFancyReplacement" computerName="TOP" duration="00:00:00.0000828" startTime="2025-07-14T13:26:10.1799031+07:00" endTime="2025-07-14T13:26:10.1800160+07:00" testType="13cdc9d9-ddb5-4fa4-a97d-d965ccfc6d4b" outcome="Passed" testListId="8c84fa94-04c1-424b-9868-57a2d4851a1d" relativeResultsDirectory="2baa8497-1a9d-4171-9f91-5a656ca49fc8" />
    <UnitTestResult executionId="102c4b75-449f-445e-a789-460cae0ed9bb" testId="ba0a7890-d847-e935-ac69-18e2528d7a10" testName="TryGetColor_FromFilePath_ShouldReturnTrueAndColor" computerName="TOP" duration="00:00:00.0004909" startTime="2025-07-14T13:26:10.1720356+07:00" endTime="2025-07-14T13:26:10.1725772+07:00" testType="13cdc9d9-ddb5-4fa4-a97d-d965ccfc6d4b" outcome="Passed" testListId="8c84fa94-04c1-424b-9868-57a2d4851a1d" relativeResultsDirectory="102c4b75-449f-445e-a789-460cae0ed9bb" />
    <UnitTestResult executionId="ea748309-05ef-4bc4-ad9f-9312ad19a671" testId="c0ffc76c-75ed-4b3c-97ba-b32fb8110b28" testName="FileExtension_ReturnsCorrectExtension" computerName="TOP" duration="00:00:00.0056161" startTime="2025-07-14T13:26:02.8666525+07:00" endTime="2025-07-14T13:26:02.8723198+07:00" testType="13cdc9d9-ddb5-4fa4-a97d-d965ccfc6d4b" outcome="Passed" testListId="8c84fa94-04c1-424b-9868-57a2d4851a1d" relativeResultsDirectory="ea748309-05ef-4bc4-ad9f-9312ad19a671" />
    <UnitTestResult executionId="5356dbba-03e1-4b95-890c-eae08e0dcb48" testId="f055ddd0-5cdc-8178-2760-e09711717114" testName="SafeDelete_DeletesFile" computerName="TOP" duration="00:00:00.0003187" startTime="2025-07-14T13:26:10.1771454+07:00" endTime="2025-07-14T13:26:10.1775063+07:00" testType="13cdc9d9-ddb5-4fa4-a97d-d965ccfc6d4b" outcome="Passed" testListId="8c84fa94-04c1-424b-9868-57a2d4851a1d" relativeResultsDirectory="5356dbba-03e1-4b95-890c-eae08e0dcb48" />
    <UnitTestResult executionId="acae9f75-d222-4cc7-8349-86c55c0e2fdb" testId="c2bf88a3-b297-2cdd-06f6-7d4ada06f4de" testName="CorrectPathSeparatorChar_ReplacesWithDirSeparator (&quot;folder\subfolder\file.txt&quot;)" computerName="TOP" duration="00:00:00.0000515" startTime="2025-07-14T13:26:02.6212658+07:00" endTime="2025-07-14T13:26:02.6213485+07:00" testType="13cdc9d9-ddb5-4fa4-a97d-d965ccfc6d4b" outcome="Passed" testListId="8c84fa94-04c1-424b-9868-57a2d4851a1d" relativeResultsDirectory="acae9f75-d222-4cc7-8349-86c55c0e2fdb" />
    <UnitTestResult executionId="ff28c90a-af48-490e-9f47-d3af4dbaf380" testId="962f8a4a-569e-3ae3-82b4-59ef2d203e2c" testName="GetFullPath_RelativePath_CombinesWithBasePath (&quot;folder\subfolder/file.txt&quot;)" computerName="TOP" duration="00:00:00.0000243" startTime="2025-07-14T13:26:02.6207321+07:00" endTime="2025-07-14T13:26:02.6208976+07:00" testType="13cdc9d9-ddb5-4fa4-a97d-d965ccfc6d4b" outcome="Passed" testListId="8c84fa94-04c1-424b-9868-57a2d4851a1d" relativeResultsDirectory="ff28c90a-af48-490e-9f47-d3af4dbaf380" />
    <UnitTestResult executionId="58507d60-5459-4b4f-990a-cf6c9470deff" testId="68f5062b-72f8-6301-57f4-03624bc69dea" testName="ToHexCode_BlackColor" computerName="TOP" duration="00:00:00.0001303" startTime="2025-07-14T13:26:10.1661774+07:00" endTime="2025-07-14T13:26:10.1663607+07:00" testType="13cdc9d9-ddb5-4fa4-a97d-d965ccfc6d4b" outcome="Passed" testListId="8c84fa94-04c1-424b-9868-57a2d4851a1d" relativeResultsDirectory="58507d60-5459-4b4f-990a-cf6c9470deff" />
    <UnitTestResult executionId="2a23cba3-8ce0-4421-8967-d5cd46fe1437" testId="eb1de912-422c-2ff7-3025-52d125a0a9e0" testName="Compress_StreamWithInvalidFileName_Throws" computerName="TOP" duration="00:00:00.0004740" startTime="2025-07-14T13:26:07.5705304+07:00" endTime="2025-07-14T13:26:07.5711583+07:00" testType="13cdc9d9-ddb5-4fa4-a97d-d965ccfc6d4b" outcome="Passed" testListId="8c84fa94-04c1-424b-9868-57a2d4851a1d" relativeResultsDirectory="2a23cba3-8ce0-4421-8967-d5cd46fe1437">
      <Output>
        <StdOut>Debug Trace:&#xD;
SixLabors.ImageSharp.UnknownImageFormatException: Image cannot be loaded. Available decoders:&#xD;
 - QOI : QoiDecoder&#xD;
 - PNG : PngDecoder&#xD;
 - PBM : PbmDecoder&#xD;
 - GIF : GifDecoder&#xD;
 - Webp : WebpDecoder&#xD;
 - BMP : BmpDecoder&#xD;
 - TGA : TgaDecoder&#xD;
 - TIFF : TiffDecoder&#xD;
 - JPEG : JpegDecoder&#xD;
&#xD;
   at SixLabors.ImageSharp.Formats.ImageFormatManager.ThrowInvalidDecoder(ImageFormatManager manager)&#xD;
   at SixLabors.ImageSharp.Image.InternalDetectFormat(Configuration configuration, Stream stream)&#xD;
   at SixLabors.ImageSharp.Image.DiscoverDecoder(DecoderOptions options, Stream stream)&#xD;
   at SixLabors.ImageSharp.Image.Decode(DecoderOptions options, Stream stream)&#xD;
   at SixLabors.ImageSharp.Image.&lt;&gt;c__DisplayClass80_0.&lt;Load&gt;b__0(Stream s)&#xD;
   at SixLabors.ImageSharp.Image.WithSeekableStream[T](DecoderOptions options, Stream stream, Func`2 action)&#xD;
   at SixLabors.ImageSharp.Image.Load(DecoderOptions options, Stream stream)&#xD;
   at SixLabors.ImageSharp.Image.Load(Stream stream)&#xD;
   at Elect.Data.IO.ImageUtils.CompressUtils.Helper.TryGetCompressImageType(MemoryStream imageStream, CompressImageType&amp; compressImageType) in D:\TOP\GIT\Elect\src\Data\Elect.Data.IO\ImageUtils\CompressUtils\Helper.cs:line 49</StdOut>
      </Output>
    </UnitTestResult>
    <UnitTestResult executionId="046c9eed-1b6e-4af7-af83-5671281dc486" testId="906c90e7-36ae-b69b-84cb-52d9f7df1454" testName="IsSvgImage_InvalidSvg_ReturnsFalse" computerName="TOP" duration="00:00:00.0000956" startTime="2025-07-14T13:26:02.6889437+07:00" endTime="2025-07-14T13:26:02.6890715+07:00" testType="13cdc9d9-ddb5-4fa4-a97d-d965ccfc6d4b" outcome="Passed" testListId="8c84fa94-04c1-424b-9868-57a2d4851a1d" relativeResultsDirectory="046c9eed-1b6e-4af7-af83-5671281dc486" />
    <UnitTestResult executionId="a746c1f3-4b44-42ec-b8c0-2b5ce5f0addf" testId="a5c24435-399b-0383-baea-5d421c708f54" testName="GetFullPath_RelativePath_CombinesWithBasePath (&quot;folder\file.txt&quot;)" computerName="TOP" duration="00:00:00.0000849" startTime="2025-07-14T13:26:02.6032809+07:00" endTime="2025-07-14T13:26:02.6035030+07:00" testType="13cdc9d9-ddb5-4fa4-a97d-d965ccfc6d4b" outcome="Passed" testListId="8c84fa94-04c1-424b-9868-57a2d4851a1d" relativeResultsDirectory="a746c1f3-4b44-42ec-b8c0-2b5ce5f0addf" />
    <UnitTestResult executionId="6da26773-667a-4cf1-b33e-0d67416957c8" testId="9a91935f-c091-fe89-d99f-a06b85926529" testName="GetFullPath_InvalidPath_Throws" computerName="TOP" duration="00:00:00.0001691" startTime="2025-07-14T13:26:02.5996229+07:00" endTime="2025-07-14T13:26:02.5998487+07:00" testType="13cdc9d9-ddb5-4fa4-a97d-d965ccfc6d4b" outcome="Passed" testListId="8c84fa94-04c1-424b-9868-57a2d4851a1d" relativeResultsDirectory="6da26773-667a-4cf1-b33e-0d67416957c8" />
    <UnitTestResult executionId="1c6df82f-2318-4328-8c06-2c13b721a82b" testId="2868ff2a-3bb9-b99c-078e-8eb051e5878b" testName="MakeValidFileName_TruncatesLongFileName" computerName="TOP" duration="00:00:00.0000525" startTime="2025-07-14T13:26:10.1804138+07:00" endTime="2025-07-14T13:26:10.1804859+07:00" testType="13cdc9d9-ddb5-4fa4-a97d-d965ccfc6d4b" outcome="Passed" testListId="8c84fa94-04c1-424b-9868-57a2d4851a1d" relativeResultsDirectory="1c6df82f-2318-4328-8c06-2c13b721a82b" />
    <UnitTestResult executionId="d6d9ca25-3692-472c-92a4-adc637f4fd9f" testId="4149c80a-7def-360e-dc75-981e98a182a6" testName="CorrectPathSeparatorChar_NullOrWhitespace_ReturnsInput (&quot;   &quot;,&quot;   &quot;)" computerName="TOP" duration="00:00:00.0000033" startTime="2025-07-14T13:26:02.6212117+07:00" endTime="2025-07-14T13:26:02.6212571+07:00" testType="13cdc9d9-ddb5-4fa4-a97d-d965ccfc6d4b" outcome="Passed" testListId="8c84fa94-04c1-424b-9868-57a2d4851a1d" relativeResultsDirectory="d6d9ca25-3692-472c-92a4-adc637f4fd9f" />
    <UnitTestResult executionId="2836380b-7e37-4cb6-9058-d6dd00f84d7a" testId="51c0b291-9fd5-9806-996d-0bb439acd2da" testName="MakeValidFileName_RemovesInvalidChars" computerName="TOP" duration="00:00:00.0003159" startTime="2025-07-14T13:26:10.1795383+07:00" endTime="2025-07-14T13:26:10.1798874+07:00" testType="13cdc9d9-ddb5-4fa4-a97d-d965ccfc6d4b" outcome="Passed" testListId="8c84fa94-04c1-424b-9868-57a2d4851a1d" relativeResultsDirectory="2836380b-7e37-4cb6-9058-d6dd00f84d7a" />
    <UnitTestResult executionId="088a9f92-01f5-4fbe-87ab-5fd68e2ff48d" testId="50c4e9f6-5637-063b-f3f7-e9fc1fb77ffe" testName="SpecialFolder_GetCurrentWindowUserFolder_ReturnsValidPath" computerName="TOP" duration="00:00:00.0017650" startTime="2025-07-14T13:26:10.1967202+07:00" endTime="2025-07-14T13:26:10.1989478+07:00" testType="13cdc9d9-ddb5-4fa4-a97d-d965ccfc6d4b" outcome="Passed" testListId="8c84fa94-04c1-424b-9868-57a2d4851a1d" relativeResultsDirectory="088a9f92-01f5-4fbe-87ab-5fd68e2ff48d" />
    <UnitTestResult executionId="2c4f0771-b1aa-4bb6-bea3-2d8aa67c03da" testId="f212ab7d-7e91-a5dc-055f-f4fd4720f267" testName="MakeValidFileName_ReturnsReplacement_WhenEmpty" computerName="TOP" duration="00:00:00.0000646" startTime="2025-07-14T13:26:10.1803159+07:00" endTime="2025-07-14T13:26:10.1804051+07:00" testType="13cdc9d9-ddb5-4fa4-a97d-d965ccfc6d4b" outcome="Passed" testListId="8c84fa94-04c1-424b-9868-57a2d4851a1d" relativeResultsDirectory="2c4f0771-b1aa-4bb6-bea3-2d8aa67c03da" />
    <UnitTestResult executionId="bd770042-21ea-4f78-9300-6e1b800f3556" testId="9a94b4d4-7761-94ac-4ed5-5f538fc10ba4" testName="CorrectPathSeparatorChar_NullOrWhitespace_ReturnsInput (&quot;&quot;,&quot;&quot;)" computerName="TOP" duration="00:00:00.0000838" startTime="2025-07-14T13:26:02.6210569+07:00" endTime="2025-07-14T13:26:02.6211998+07:00" testType="13cdc9d9-ddb5-4fa4-a97d-d965ccfc6d4b" outcome="Passed" testListId="8c84fa94-04c1-424b-9868-57a2d4851a1d" relativeResultsDirectory="bd770042-21ea-4f78-9300-6e1b800f3556" />
    <UnitTestResult executionId="144691b8-6a84-4798-a629-356d8188b884" testId="624ea434-e135-9fef-44a7-fd1465d9490e" testName="CreateIfNotExist_Throws_OnWhiteSpace" computerName="TOP" duration="00:00:00.0004126" startTime="2025-07-14T13:26:10.1928134+07:00" endTime="2025-07-14T13:26:10.1932702+07:00" testType="13cdc9d9-ddb5-4fa4-a97d-d965ccfc6d4b" outcome="Passed" testListId="8c84fa94-04c1-424b-9868-57a2d4851a1d" relativeResultsDirectory="144691b8-6a84-4798-a629-356d8188b884" />
    <UnitTestResult executionId="df85c58e-4a27-462f-960b-261121d215c2" testId="8dfa934a-78c8-f613-69e1-ea8f101bc344" testName="GetExtension_ThrowsOnDotInput" computerName="TOP" duration="00:00:00.0000413" startTime="2025-07-14T13:26:10.1897831+07:00" endTime="2025-07-14T13:26:10.1898438+07:00" testType="13cdc9d9-ddb5-4fa4-a97d-d965ccfc6d4b" outcome="Passed" testListId="8c84fa94-04c1-424b-9868-57a2d4851a1d" relativeResultsDirectory="df85c58e-4a27-462f-960b-261121d215c2" />
    <UnitTestResult executionId="e6af2f39-2e92-43d7-baeb-fdb0cfaf074f" testId="192e885b-bcd3-c074-7489-84a6b2d33204" testName="Constructor_WithPath_SetsUpWatcher" computerName="TOP" duration="00:00:00.0022232" startTime="2025-07-14T13:26:10.1821073+07:00" endTime="2025-07-14T13:26:10.1844182+07:00" testType="13cdc9d9-ddb5-4fa4-a97d-d965ccfc6d4b" outcome="Passed" testListId="8c84fa94-04c1-424b-9868-57a2d4851a1d" relativeResultsDirectory="e6af2f39-2e92-43d7-baeb-fdb0cfaf074f" />
    <UnitTestResult executionId="0c3c4ecf-acd2-4f9c-b177-d79a054b5443" testId="36426fde-5bba-8b2c-5fe9-2a880c024146" testName="Constructor_WithValidFile_SetsProperties" computerName="TOP" duration="00:00:00.0010955" startTime="2025-07-14T13:26:02.8651552+07:00" endTime="2025-07-14T13:26:02.8663685+07:00" testType="13cdc9d9-ddb5-4fa4-a97d-d965ccfc6d4b" outcome="Passed" testListId="8c84fa94-04c1-424b-9868-57a2d4851a1d" relativeResultsDirectory="0c3c4ecf-acd2-4f9c-b177-d79a054b5443" />
    <UnitTestResult executionId="b1351a53-da70-4203-9d8f-f657913773c7" testId="aac9bcbb-97c4-1808-25a7-752d9a522a12" testName="Compress_JpegFile_CoversGetJpegCommand" computerName="TOP" duration="00:00:00.2330045" startTime="2025-07-14T13:26:09.6989965+07:00" endTime="2025-07-14T13:26:09.9321600+07:00" testType="13cdc9d9-ddb5-4fa4-a97d-d965ccfc6d4b" outcome="Passed" testListId="8c84fa94-04c1-424b-9868-57a2d4851a1d" relativeResultsDirectory="b1351a53-da70-4203-9d8f-f657913773c7">
      <Output>
        <StdOut>-------------------------&#xD;
Process Standard Output: &#xD;
&#xD;
-------------------------&#xD;
------------------------&#xD;
Process Standard Error: &#xD;
&#xD;
-------------------------&#xD;
&#xD;
&#xD;
&#xD;
Debug Trace:&#xD;
SixLabors.ImageSharp.UnknownImageFormatException: Image cannot be loaded. Available decoders:&#xD;
 - QOI : QoiDecoder&#xD;
 - PNG : PngDecoder&#xD;
 - PBM : PbmDecoder&#xD;
 - GIF : GifDecoder&#xD;
 - Webp : WebpDecoder&#xD;
 - BMP : BmpDecoder&#xD;
 - TGA : TgaDecoder&#xD;
 - TIFF : TiffDecoder&#xD;
 - JPEG : JpegDecoder&#xD;
&#xD;
   at SixLabors.ImageSharp.Formats.ImageFormatManager.ThrowInvalidDecoder(ImageFormatManager manager)&#xD;
   at SixLabors.ImageSharp.Image.InternalDetectFormat(Configuration configuration, Stream stream)&#xD;
   at SixLabors.ImageSharp.Image.DiscoverDecoder(DecoderOptions options, Stream stream)&#xD;
   at SixLabors.ImageSharp.Image.Decode(DecoderOptions options, Stream stream)&#xD;
   at SixLabors.ImageSharp.Image.&lt;&gt;c__DisplayClass80_0.&lt;Load&gt;b__0(Stream s)&#xD;
   at SixLabors.ImageSharp.Image.WithSeekableStream[T](DecoderOptions options, Stream stream, Func`2 action)&#xD;
   at SixLabors.ImageSharp.Image.Load(DecoderOptions options, Stream stream)&#xD;
   at SixLabors.ImageSharp.Image.Load(Stream stream)&#xD;
   at Elect.Data.IO.ImageUtils.CompressUtils.Helper.TryGetCompressImageType(MemoryStream imageStream, CompressImageType&amp; compressImageType) in D:\TOP\GIT\Elect\src\Data\Elect.Data.IO\ImageUtils\CompressUtils\Helper.cs:line 49</StdOut>
      </Output>
    </UnitTestResult>
    <UnitTestResult executionId="7e147d5a-82ec-48a1-abcd-a6eb3a600f95" testId="f0a29760-21f9-47b5-70be-cecc9a71ddb7" testName="CreateIfNotExist_DoesNothing_WhenDirectoryExists" computerName="TOP" duration="00:00:00.0008266" startTime="2025-07-14T13:26:10.1913372+07:00" endTime="2025-07-14T13:26:10.1922107+07:00" testType="13cdc9d9-ddb5-4fa4-a97d-d965ccfc6d4b" outcome="Passed" testListId="8c84fa94-04c1-424b-9868-57a2d4851a1d" relativeResultsDirectory="7e147d5a-82ec-48a1-abcd-a6eb3a600f95" />
    <UnitTestResult executionId="6011d45c-837c-46b6-a402-f87767282633" testId="fdf5746b-b86a-73b4-1fa0-28b39b8f1597" testName="PercentSaving_ZeroIfNoSaving" computerName="TOP" duration="00:00:00.0013178" startTime="2025-07-14T13:26:02.8733214+07:00" endTime="2025-07-14T13:26:02.8746868+07:00" testType="13cdc9d9-ddb5-4fa4-a97d-d965ccfc6d4b" outcome="Passed" testListId="8c84fa94-04c1-424b-9868-57a2d4851a1d" relativeResultsDirectory="6011d45c-837c-46b6-a402-f87767282633" />
    <UnitTestResult executionId="7ae0bebe-8b77-4225-9c75-758fcc80a932" testId="ec895ea7-fed3-04f9-f69d-ce502ace2d84" testName="ToHexCode_WhiteColor" computerName="TOP" duration="00:00:00.0000469" startTime="2025-07-14T13:26:10.1663895+07:00" endTime="2025-07-14T13:26:10.1664997+07:00" testType="13cdc9d9-ddb5-4fa4-a97d-d965ccfc6d4b" outcome="Passed" testListId="8c84fa94-04c1-424b-9868-57a2d4851a1d" relativeResultsDirectory="7ae0bebe-8b77-4225-9c75-758fcc80a932" />
    <UnitTestResult executionId="0be86dc7-bfd5-4faf-a110-9d0d9f1b90ae" testId="fef90f3f-a0df-5e2e-4f8e-77ef04a220b8" testName="BytesSaving_And_PercentSaving_CalculatedCorrectly" computerName="TOP" duration="00:00:00.0008905" startTime="2025-07-14T13:26:02.8723511+07:00" endTime="2025-07-14T13:26:02.8733018+07:00" testType="13cdc9d9-ddb5-4fa4-a97d-d965ccfc6d4b" outcome="Passed" testListId="8c84fa94-04c1-424b-9868-57a2d4851a1d" relativeResultsDirectory="0be86dc7-bfd5-4faf-a110-9d0d9f1b90ae" />
    <UnitTestResult executionId="a2cac06b-4af2-4855-9544-e7acdf021784" testId="d23a2c6c-9c19-f99f-3bb9-8c3d82888720" testName="GetColor_WithRegion_ShouldReturnCorrectColor" computerName="TOP" duration="00:00:00.0002264" startTime="2025-07-14T13:26:10.1689041+07:00" endTime="2025-07-14T13:26:10.1691687+07:00" testType="13cdc9d9-ddb5-4fa4-a97d-d965ccfc6d4b" outcome="Passed" testListId="8c84fa94-04c1-424b-9868-57a2d4851a1d" relativeResultsDirectory="a2cac06b-4af2-4855-9544-e7acdf021784" />
    <UnitTestResult executionId="1df4b9fe-8aea-4f1d-bf56-2ce3b33a5603" testId="1fb8f1c8-958f-a7b5-3291-7103e5dc8992" testName="Compress_ValidFilePath_ReturnsModel" computerName="TOP" duration="00:00:01.1200748" startTime="2025-07-14T13:26:04.0062777+07:00" endTime="2025-07-14T13:26:05.1272422+07:00" testType="13cdc9d9-ddb5-4fa4-a97d-d965ccfc6d4b" outcome="Passed" testListId="8c84fa94-04c1-424b-9868-57a2d4851a1d" relativeResultsDirectory="1df4b9fe-8aea-4f1d-bf56-2ce3b33a5603">
      <Output>
        <StdOut>-------------------------&#xD;
Process Standard Output: &#xD;
&#xD;
-------------------------&#xD;
------------------------&#xD;
Process Standard Error: &#xD;
&#xD;
-------------------------&#xD;
-------------------------&#xD;
Process Standard Output: &#xD;
&#xD;
-------------------------&#xD;
------------------------&#xD;
Process Standard Error: &#xD;
&#xD;
-------------------------&#xD;
-------------------------&#xD;
Process Standard Output: &#xD;
&#xD;
-------------------------&#xD;
------------------------&#xD;
Process Standard Error: &#xD;
&#xD;
-------------------------&#xD;
-------------------------&#xD;
Process Standard Output: &#xD;
&#xD;
-------------------------&#xD;
------------------------&#xD;
Process Standard Error: &#xD;
&#xD;
-------------------------&#xD;
-------------------------&#xD;
Process Standard Output: &#xD;
&#xD;
-------------------------&#xD;
------------------------&#xD;
Process Standard Error: &#xD;
&#xD;
-------------------------&#xD;
-------------------------&#xD;
Process Standard Output: &#xD;
&#xD;
-------------------------&#xD;
------------------------&#xD;
Process Standard Error: &#xD;
&#xD;
-------------------------&#xD;
-------------------------&#xD;
Process Standard Output: &#xD;
&#xD;
-------------------------&#xD;
------------------------&#xD;
Process Standard Error: &#xD;
&#xD;
-------------------------&#xD;
&#xD;
&#xD;
&#xD;
Debug Trace:&#xD;
SixLabors.ImageSharp.UnknownImageFormatException: Image cannot be loaded. Available decoders:&#xD;
 - QOI : QoiDecoder&#xD;
 - PNG : PngDecoder&#xD;
 - PBM : PbmDecoder&#xD;
 - GIF : GifDecoder&#xD;
 - Webp : WebpDecoder&#xD;
 - BMP : BmpDecoder&#xD;
 - TGA : TgaDecoder&#xD;
 - TIFF : TiffDecoder&#xD;
 - JPEG : JpegDecoder&#xD;
&#xD;
   at SixLabors.ImageSharp.Formats.ImageFormatManager.ThrowInvalidDecoder(ImageFormatManager manager)&#xD;
   at SixLabors.ImageSharp.Image.InternalDetectFormat(Configuration configuration, Stream stream)&#xD;
   at SixLabors.ImageSharp.Image.DiscoverDecoder(DecoderOptions options, Stream stream)&#xD;
   at SixLabors.ImageSharp.Image.Decode(DecoderOptions options, Stream stream)&#xD;
   at SixLabors.ImageSharp.Image.&lt;&gt;c__DisplayClass80_0.&lt;Load&gt;b__0(Stream s)&#xD;
   at SixLabors.ImageSharp.Image.WithSeekableStream[T](DecoderOptions options, Stream stream, Func`2 action)&#xD;
   at SixLabors.ImageSharp.Image.Load(DecoderOptions options, Stream stream)&#xD;
   at SixLabors.ImageSharp.Image.Load(Stream stream)&#xD;
   at Elect.Data.IO.ImageUtils.CompressUtils.Helper.TryGetCompressImageType(MemoryStream imageStream, CompressImageType&amp; compressImageType) in D:\TOP\GIT\Elect\src\Data\Elect.Data.IO\ImageUtils\CompressUtils\Helper.cs:line 49</StdOut>
      </Output>
    </UnitTestResult>
    <UnitTestResult executionId="b8dac6a5-4e8a-4bff-98bd-52048282407e" testId="e8836de0-c736-b1f5-825a-0aafc5d25d84" testName="Compress_WithQualityAndTimeout_Works" computerName="TOP" duration="00:00:01.4333809" startTime="2025-07-14T13:26:05.1273480+07:00" endTime="2025-07-14T13:26:06.5608995+07:00" testType="13cdc9d9-ddb5-4fa4-a97d-d965ccfc6d4b" outcome="Passed" testListId="8c84fa94-04c1-424b-9868-57a2d4851a1d" relativeResultsDirectory="b8dac6a5-4e8a-4bff-98bd-52048282407e">
      <Output>
        <StdOut>-------------------------&#xD;
Process Standard Output: &#xD;
&#xD;
-------------------------&#xD;
------------------------&#xD;
Process Standard Error: &#xD;
&#xD;
-------------------------&#xD;
-------------------------&#xD;
Process Standard Output: &#xD;
&#xD;
-------------------------&#xD;
------------------------&#xD;
Process Standard Error: &#xD;
&#xD;
-------------------------&#xD;
-------------------------&#xD;
Process Standard Output: &#xD;
&#xD;
-------------------------&#xD;
------------------------&#xD;
Process Standard Error: &#xD;
&#xD;
-------------------------&#xD;
-------------------------&#xD;
Process Standard Output: &#xD;
&#xD;
-------------------------&#xD;
------------------------&#xD;
Process Standard Error: &#xD;
&#xD;
-------------------------&#xD;
-------------------------&#xD;
Process Standard Output: &#xD;
&#xD;
-------------------------&#xD;
------------------------&#xD;
Process Standard Error: &#xD;
&#xD;
-------------------------&#xD;
-------------------------&#xD;
Process Standard Output: &#xD;
&#xD;
-------------------------&#xD;
------------------------&#xD;
Process Standard Error: &#xD;
&#xD;
-------------------------&#xD;
-------------------------&#xD;
Process Standard Output: &#xD;
&#xD;
-------------------------&#xD;
------------------------&#xD;
Process Standard Error: &#xD;
&#xD;
-------------------------&#xD;
-------------------------&#xD;
Process Standard Output: &#xD;
&#xD;
-------------------------&#xD;
------------------------&#xD;
Process Standard Error: &#xD;
&#xD;
-------------------------&#xD;
&#xD;
&#xD;
&#xD;
Debug Trace:&#xD;
SixLabors.ImageSharp.UnknownImageFormatException: Image cannot be loaded. Available decoders:&#xD;
 - QOI : QoiDecoder&#xD;
 - PNG : PngDecoder&#xD;
 - PBM : PbmDecoder&#xD;
 - GIF : GifDecoder&#xD;
 - Webp : WebpDecoder&#xD;
 - BMP : BmpDecoder&#xD;
 - TGA : TgaDecoder&#xD;
 - TIFF : TiffDecoder&#xD;
 - JPEG : JpegDecoder&#xD;
&#xD;
   at SixLabors.ImageSharp.Formats.ImageFormatManager.ThrowInvalidDecoder(ImageFormatManager manager)&#xD;
   at SixLabors.ImageSharp.Image.InternalDetectFormat(Configuration configuration, Stream stream)&#xD;
   at SixLabors.ImageSharp.Image.DiscoverDecoder(DecoderOptions options, Stream stream)&#xD;
   at SixLabors.ImageSharp.Image.Decode(DecoderOptions options, Stream stream)&#xD;
   at SixLabors.ImageSharp.Image.&lt;&gt;c__DisplayClass80_0.&lt;Load&gt;b__0(Stream s)&#xD;
   at SixLabors.ImageSharp.Image.WithSeekableStream[T](DecoderOptions options, Stream stream, Func`2 action)&#xD;
   at SixLabors.ImageSharp.Image.Load(DecoderOptions options, Stream stream)&#xD;
   at SixLabors.ImageSharp.Image.Load(Stream stream)&#xD;
   at Elect.Data.IO.ImageUtils.CompressUtils.Helper.TryGetCompressImageType(MemoryStream imageStream, CompressImageType&amp; compressImageType) in D:\TOP\GIT\Elect\src\Data\Elect.Data.IO\ImageUtils\CompressUtils\Helper.cs:line 49</StdOut>
      </Output>
    </UnitTestResult>
    <UnitTestResult executionId="d4675d7c-c44d-4dcf-af31-7b5e2860b614" testId="ae94ee2c-1ce6-0e8a-90f9-459ba5ddbe0e" testName="Save_NullPath_ThrowsException" computerName="TOP" duration="00:00:00.0008102" startTime="2025-07-14T13:26:02.5952682+07:00" endTime="2025-07-14T13:26:02.5964252+07:00" testType="13cdc9d9-ddb5-4fa4-a97d-d965ccfc6d4b" outcome="Passed" testListId="8c84fa94-04c1-424b-9868-57a2d4851a1d" relativeResultsDirectory="d4675d7c-c44d-4dcf-af31-7b5e2860b614" />
    <UnitTestResult executionId="5558ea1c-7b9d-4874-880b-897530243c4e" testId="200ab109-bd47-be63-dd39-a8bab6e739ad" testName="CreateTempFile_FromStream_CreatesFileWithCorrectContentAndExtension" computerName="TOP" duration="00:00:00.0013231" startTime="2025-07-14T13:26:10.1804938+07:00" endTime="2025-07-14T13:26:10.1818516+07:00" testType="13cdc9d9-ddb5-4fa4-a97d-d965ccfc6d4b" outcome="Passed" testListId="8c84fa94-04c1-424b-9868-57a2d4851a1d" relativeResultsDirectory="5558ea1c-7b9d-4874-880b-897530243c4e" />
    <UnitTestResult executionId="0a6c0d51-11d6-48f5-ab68-c28986bde4c6" testId="85df8482-cc8b-20c6-b871-d16db4ef4346" testName="Start_EnablesWatcher" computerName="TOP" duration="00:00:00.0006413" startTime="2025-07-14T13:26:10.1852836+07:00" endTime="2025-07-14T13:26:10.1859724+07:00" testType="13cdc9d9-ddb5-4fa4-a97d-d965ccfc6d4b" outcome="Passed" testListId="8c84fa94-04c1-424b-9868-57a2d4851a1d" relativeResultsDirectory="0a6c0d51-11d6-48f5-ab68-c28986bde4c6" />
    <UnitTestResult executionId="5b7362b0-173b-450a-9d7a-37d4d2eee0ca" testId="f7c385c5-f38b-a6ad-3e1e-37f06ea78bd1" testName="GetFullPath_NullOrWhitespace_ReturnsInput" computerName="TOP" duration="00:00:00.0003102" startTime="2025-07-14T13:26:02.5991636+07:00" endTime="2025-07-14T13:26:02.5995919+07:00" testType="13cdc9d9-ddb5-4fa4-a97d-d965ccfc6d4b" outcome="Passed" testListId="8c84fa94-04c1-424b-9868-57a2d4851a1d" relativeResultsDirectory="5b7362b0-173b-450a-9d7a-37d4d2eee0ca" />
    <UnitTestResult executionId="74bf3b85-67fa-4ca3-9322-e6f8bd3a3906" testId="13da4d3b-e58e-571b-8155-5ca569402203" testName="IsSvgImage_ValidSvg_ReturnsTrue" computerName="TOP" duration="00:00:00.0000749" startTime="2025-07-14T13:26:02.6887980+07:00" endTime="2025-07-14T13:26:02.6889290+07:00" testType="13cdc9d9-ddb5-4fa4-a97d-d965ccfc6d4b" outcome="Passed" testListId="8c84fa94-04c1-424b-9868-57a2d4851a1d" relativeResultsDirectory="74bf3b85-67fa-4ca3-9322-e6f8bd3a3906" />
    <UnitTestResult executionId="735f1f22-be0c-4b35-981e-03428147cc71" testId="24877086-71f2-af03-0f17-67f331c5b84f" testName="GenerateTextImage_ReturnsImage" computerName="TOP" duration="00:00:00.0018333" startTime="2025-07-14T13:26:02.8068446+07:00" endTime="2025-07-14T13:26:02.8087665+07:00" testType="13cdc9d9-ddb5-4fa4-a97d-d965ccfc6d4b" outcome="Passed" testListId="8c84fa94-04c1-424b-9868-57a2d4851a1d" relativeResultsDirectory="735f1f22-be0c-4b35-981e-03428147cc71" />
    <UnitTestResult executionId="6397965d-f961-4996-bf0b-788e08eae885" testId="c58dbc75-afb3-015d-f682-21a6f6af2d62" testName="TryGetColor_FromInvalidFilePath_ShouldReturnFalse" computerName="TOP" duration="00:00:00.0000997" startTime="2025-07-14T13:26:10.1725954+07:00" endTime="2025-07-14T13:26:10.1727338+07:00" testType="13cdc9d9-ddb5-4fa4-a97d-d965ccfc6d4b" outcome="Passed" testListId="8c84fa94-04c1-424b-9868-57a2d4851a1d" relativeResultsDirectory="6397965d-f961-4996-bf0b-788e08eae885" />
  </Results>
  <TestDefinitions>
    <UnitTest name="GetMimeType_ReturnsExpected (&quot;unknown&quot;,&quot;application/octet-stream&quot;)" storage="d:\top\git\elect\test\data\elect.test.data.io\bin\debug\net9.0\elect.test.data.io.dll" id="4bde2147-fef4-4993-1268-7e19cb6abbaf">
      <Execution id="a6aa7676-bc0f-4644-a087-ebe7878f117a" />
      <TestMethod codeBase="D:\TOP\GIT\Elect\test\Data\Elect.Test.Data.IO\bin\Debug\net9.0\Elect.Test.Data.IO.dll" adapterTypeName="executor://mstestadapter/v2" className="Elect.Test.Data.IO.FileUtils.MimeTypeHelperUnitTests" name="GetMimeType_ReturnsExpected" />
    </UnitTest>
    <UnitTest name="Stop_DisablesWatcher" storage="d:\top\git\elect\test\data\elect.test.data.io\bin\debug\net9.0\elect.test.data.io.dll" id="98b15add-0a96-adbe-cf82-96a7cd9bf93f">
      <Execution id="e8e3f356-26ca-444f-9999-a5791e8fd948" />
      <TestMethod codeBase="D:\TOP\GIT\Elect\test\Data\Elect.Test.Data.IO\bin\Debug\net9.0\Elect.Test.Data.IO.dll" adapterTypeName="executor://mstestadapter/v2" className="Elect.Test.Data.IO.FileUtils.FileWatcherUnitTest" name="Stop_DisablesWatcher" />
    </UnitTest>
    <UnitTest name="GetExtension_ReturnsEmptyOnNotFoundAndNoThrow" storage="d:\top\git\elect\test\data\elect.test.data.io\bin\debug\net9.0\elect.test.data.io.dll" id="648cd995-3bae-c0ae-fa7c-6aad1e885a51">
      <Execution id="6e401d87-3b9c-4df0-a1a8-00628af332a7" />
      <TestMethod codeBase="D:\TOP\GIT\Elect\test\Data\Elect.Test.Data.IO\bin\Debug\net9.0\Elect.Test.Data.IO.dll" adapterTypeName="executor://mstestadapter/v2" className="Elect.Test.Data.IO.FileUtils.MimeTypeHelperUnitTests" name="GetExtension_ReturnsEmptyOnNotFoundAndNoThrow" />
    </UnitTest>
    <UnitTest name="Constructor_WithPath_SetsUpWatcher" storage="d:\top\git\elect\test\data\elect.test.data.io\bin\debug\net9.0\elect.test.data.io.dll" id="192e885b-bcd3-c074-7489-84a6b2d33204">
      <Execution id="e6af2f39-2e92-43d7-baeb-fdb0cfaf074f" />
      <TestMethod codeBase="D:\TOP\GIT\Elect\test\Data\Elect.Test.Data.IO\bin\Debug\net9.0\Elect.Test.Data.IO.dll" adapterTypeName="executor://mstestadapter/v2" className="Elect.Test.Data.IO.FileUtils.FileWatcherUnitTest" name="Constructor_WithPath_SetsUpWatcher" />
    </UnitTest>
    <UnitTest name="MakeValidFileName_RemovesInvalidChars" storage="d:\top\git\elect\test\data\elect.test.data.io\bin\debug\net9.0\elect.test.data.io.dll" id="51c0b291-9fd5-9806-996d-0bb439acd2da">
      <Execution id="2836380b-7e37-4cb6-9058-d6dd00f84d7a" />
      <TestMethod codeBase="D:\TOP\GIT\Elect\test\Data\Elect.Test.Data.IO\bin\Debug\net9.0\Elect.Test.Data.IO.dll" adapterTypeName="executor://mstestadapter/v2" className="Elect.Test.Data.IO.FileUtils.FileHelperUnitTest" name="MakeValidFileName_RemovesInvalidChars" />
    </UnitTest>
    <UnitTest name="GetColor_FromFilePath_ShouldReturnCorrectColor" storage="d:\top\git\elect\test\data\elect.test.data.io\bin\debug\net9.0\elect.test.data.io.dll" id="8e4bd926-70b4-d1f8-b6d6-3cc90e5f2ba8">
      <Execution id="c4207c8b-b2eb-4649-aca4-0493b854cf82" />
      <TestMethod codeBase="D:\TOP\GIT\Elect\test\Data\Elect.Test.Data.IO\bin\Debug\net9.0\Elect.Test.Data.IO.dll" adapterTypeName="executor://mstestadapter/v2" className="Elect.Test.Data.IO.ImageUtils.ColorUtils.ImageDominantColorHelperUnitTest" name="GetColor_FromFilePath_ShouldReturnCorrectColor" />
    </UnitTest>
    <UnitTest name="GetExtension_ReturnsExpected (&quot;image/jpeg&quot;,&quot;.jpg&quot;)" storage="d:\top\git\elect\test\data\elect.test.data.io\bin\debug\net9.0\elect.test.data.io.dll" id="71480f8b-549b-906d-0152-262ccf49a5c4">
      <Execution id="d9fe11f1-162c-46a2-816d-fc5c6cdfecd9" />
      <TestMethod codeBase="D:\TOP\GIT\Elect\test\Data\Elect.Test.Data.IO\bin\Debug\net9.0\Elect.Test.Data.IO.dll" adapterTypeName="executor://mstestadapter/v2" className="Elect.Test.Data.IO.FileUtils.MimeTypeHelperUnitTests" name="GetExtension_ReturnsExpected" />
    </UnitTest>
    <UnitTest name="OnChanged_TriggersWhenFileModified" storage="d:\top\git\elect\test\data\elect.test.data.io\bin\debug\net9.0\elect.test.data.io.dll" id="3a817aa8-7dce-f991-1b39-83a249eb2731">
      <Execution id="0cada07e-e485-4142-acfd-d54401a642a0" />
      <TestMethod codeBase="D:\TOP\GIT\Elect\test\Data\Elect.Test.Data.IO\bin\Debug\net9.0\Elect.Test.Data.IO.dll" adapterTypeName="executor://mstestadapter/v2" className="Elect.Test.Data.IO.FileUtils.FileWatcherUnitTest" name="OnChanged_TriggersWhenFileModified" />
    </UnitTest>
    <UnitTest name="CorrectPathSeparatorChar_NullOrWhitespace_ReturnsInput (null,null)" storage="d:\top\git\elect\test\data\elect.test.data.io\bin\debug\net9.0\elect.test.data.io.dll" id="833445af-acb0-0e5e-6dd9-273a3c9b6fe3">
      <Execution id="c177c56a-9100-4e10-aa28-7c2383f37183" />
      <TestMethod codeBase="D:\TOP\GIT\Elect\test\Data\Elect.Test.Data.IO\bin\Debug\net9.0\Elect.Test.Data.IO.dll" adapterTypeName="executor://mstestadapter/v2" className="Elect.Test.Data.IO.PathHelperUnitTest" name="CorrectPathSeparatorChar_NullOrWhitespace_ReturnsInput" />
    </UnitTest>
    <UnitTest name="Constructor_WithInvalidPath_HandlesGracefully" storage="d:\top\git\elect\test\data\elect.test.data.io\bin\debug\net9.0\elect.test.data.io.dll" id="2d7749ba-b8af-1ce4-29e2-17bb7e04a227">
      <Execution id="d09cf836-9ae6-4c3d-8748-1f83e99fff4a" />
      <TestMethod codeBase="D:\TOP\GIT\Elect\test\Data\Elect.Test.Data.IO\bin\Debug\net9.0\Elect.Test.Data.IO.dll" adapterTypeName="executor://mstestadapter/v2" className="Elect.Test.Data.IO.FileUtils.FileWatcherUnitTest" name="Constructor_WithInvalidPath_HandlesGracefully" />
    </UnitTest>
    <UnitTest name="Compress_JpegFile_CoversGetJpegCommand" storage="d:\top\git\elect\test\data\elect.test.data.io\bin\debug\net9.0\elect.test.data.io.dll" id="aac9bcbb-97c4-1808-25a7-752d9a522a12">
      <Execution id="b1351a53-da70-4203-9d8f-f657913773c7" />
[...]
    </UnitTest>
    <UnitTest name="CorrectPathSeparatorChar_NullOrWhitespace_ReturnsInput (&quot;   &quot;,&quot;   &quot;)" storage="d:\top\git\elect\test\data\elect.test.data.io\bin\debug\net9.0\elect.test.data.io.dll" id="4149c80a-7def-360e-dc75-981e98a182a6">
      <Execution id="d6d9ca25-3692-472c-92a4-adc637f4fd9f" />
      <TestMethod codeBase="D:\TOP\GIT\Elect\test\Data\Elect.Test.Data.IO\bin\Debug\net9.0\Elect.Test.Data.IO.dll" adapterTypeName="executor://mstestadapter/v2" className="Elect.Test.Data.IO.PathHelperUnitTest" name="CorrectPathSeparatorChar_NullOrWhitespace_ReturnsInput" />
    </UnitTest>
  </TestDefinitions>
  <TestEntries>
    <TestEntry testId="7a3db9d6-bceb-1b43-9966-1c8e71b13ce9" executionId="c5048872-510e-4ca7-8be1-feb08f680e4d" testListId="8c84fa94-04c1-424b-9868-57a2d4851a1d" />
    <TestEntry testId="2d7749ba-b8af-1ce4-29e2-17bb7e04a227" executionId="d09cf836-9ae6-4c3d-8748-1f83e99fff4a" testListId="8c84fa94-04c1-424b-9868-57a2d4851a1d" />
    <TestEntry testId="b79b0cca-2ad7-2b64-bc9a-8eead207e8b4" executionId="c1957aca-49da-498b-83af-6c04ac06b8b9" testListId="8c84fa94-04c1-424b-9868-57a2d4851a1d" />
    <TestEntry testId="ed55ff8c-c35d-481a-3c31-ffac09c4afeb" executionId="06faab35-4893-4831-ba34-91208906447c" testListId="8c84fa94-04c1-424b-9868-57a2d4851a1d" />
    <TestEntry testId="030de7a3-605c-77d5-c10a-4769e520ae4c" executionId="73c9d55d-da25-415c-89d5-5a911a1f7c88" testListId="8c84fa94-04c1-424b-9868-57a2d4851a1d" />
    <TestEntry testId="8e4bd926-70b4-d1f8-b6d6-3cc90e5f2ba8" executionId="c4207c8b-b2eb-4649-aca4-0493b854cf82" testListId="8c84fa94-04c1-424b-9868-57a2d4851a1d" />
    <TestEntry testId="95d79edd-31d7-24b1-cb28-5436e0d6a121" executionId="acc6e518-fca2-4e52-9fa9-2098dc37fa24" testListId="8c84fa94-04c1-424b-9868-57a2d4851a1d" />
    <TestEntry testId="e215fe6e-b1dd-b377-4f64-6bb1bff6d6e4" executionId="83319fab-679c-4950-9976-cc1da3f8771f" testListId="8c84fa94-04c1-424b-9868-57a2d4851a1d" />
    <TestEntry testId="e54b5f76-8192-bc2f-86ee-5b5283fe6939" executionId="9814437e-94ca-42d5-b4da-06560b6f53d7" testListId="8c84fa94-04c1-424b-9868-57a2d4851a1d" />
    <TestEntry testId="1733f60d-6044-d769-bde4-25d02f78ff13" executionId="2375bca3-0778-4d33-aa4a-782cf1f9c789" testListId="8c84fa94-04c1-424b-9868-57a2d4851a1d" />
    <TestEntry testId="2a768ec4-0238-d61e-692d-54eec0c56411" executionId="b0d50de4-aa40-4b16-b340-dd38c74e3766" testListId="8c84fa94-04c1-424b-9868-57a2d4851a1d" />
    <TestEntry testId="79636e01-6d55-53e4-829a-fbe31a3d87ce" executionId="f41b70c4-4aa8-4b7d-a62a-808fe24ed452" testListId="8c84fa94-04c1-424b-9868-57a2d4851a1d" />
    <TestEntry testId="2e453734-94c3-a813-e9bb-d830c35fe2dc" executionId="d0bfc587-83b7-45be-9ae0-da8239fe37c7" testListId="8c84fa94-04c1-424b-9868-57a2d4851a1d" />
    <TestEntry testId="1e0a84ae-3698-142d-deb0-ab7d7bdb248e" executionId="c31848cf-d5f5-43c0-928d-061a91799249" testListId="8c84fa94-04c1-424b-9868-57a2d4851a1d" />
    <TestEntry testId="74dd71bb-fb7f-1550-cd6a-36d34ef9dfb0" executionId="6d55b3fc-60fa-4173-ae41-91b5925c7e7b" testListId="8c84fa94-04c1-424b-9868-57a2d4851a1d" />
    <TestEntry testId="0ff22051-48ce-4f8c-b3dc-3e94111c30bb" executionId="42c419a3-583b-4e54-ac5e-d9ce30f2f9c4" testListId="8c84fa94-04c1-424b-9868-57a2d4851a1d" />
    <TestEntry testId="ce04e802-62f7-de8e-cbba-77c7eb5bd226" executionId="34e96a47-ccf1-4fd9-84e4-c92294c62a73" testListId="8c84fa94-04c1-424b-9868-57a2d4851a1d" />
    <TestEntry testId="a40cebf7-1990-3ba2-49c9-78e7993546c8" executionId="0f043223-eb9d-497e-95ad-c0a8341b700e" testListId="8c84fa94-04c1-424b-9868-57a2d4851a1d" />
    <TestEntry testId="486cffd3-e6ad-ec8b-399a-6475159f6a99" executionId="609cf728-46e6-4fc2-8666-12fc2df7828f" testListId="8c84fa94-04c1-424b-9868-57a2d4851a1d" />
    <TestEntry testId="b63cc007-1bcb-520c-b6e3-7f1cd15b530a" executionId="221cf115-4032-487c-b225-5a8e055a21d6" testListId="8c84fa94-04c1-424b-9868-57a2d4851a1d" />
    <TestEntry testId="26fef98f-8310-ca89-db9f-2d552213f3fb" executionId="27a39142-7b2c-415b-a383-6fe876afd7d2" testListId="8c84fa94-04c1-424b-9868-57a2d4851a1d" />
    <TestEntry testId="86ab2cfa-bbcf-9b87-215f-f3d1826c69d7" executionId="4faefcb7-b640-4d41-b84f-cefb812db20e" testListId="8c84fa94-04c1-424b-9868-57a2d4851a1d" />
    <TestEntry testId="e00266b7-3300-0d4f-3937-fdc79a611c24" executionId="b82c9f76-ce63-4574-9ab8-f37f054ec173" testListId="8c84fa94-04c1-424b-9868-57a2d4851a1d" />
    <TestEntry testId="5f50692f-3d6a-7880-9239-c01a5e4d9a56" executionId="105f17e0-3a5f-46c1-a451-61239dd3677d" testListId="8c84fa94-04c1-424b-9868-57a2d4851a1d" />
    <TestEntry testId="3a817aa8-7dce-f991-1b39-83a249eb2731" executionId="0cada07e-e485-4142-acfd-d54401a642a0" testListId="8c84fa94-04c1-424b-9868-57a2d4851a1d" />
    <TestEntry testId="a58f4beb-f03e-0aa6-4210-17f9ce0d8a8c" executionId="b34c757c-4e10-4555-a273-0b24f5109e4d" testListId="8c84fa94-04c1-424b-9868-57a2d4851a1d" />
    <TestEntry testId="b0311977-d8cc-1f82-d938-157212c5ba05" executionId="8d367ed2-f512-460a-a34a-f64008e0041b" testListId="8c84fa94-04c1-424b-9868-57a2d4851a1d" />
    <TestEntry testId="3895d866-0452-d48e-feb4-6c37e0ef8f17" executionId="0a6c5660-b0e9-489a-a2f0-5d81519107f9" testListId="8c84fa94-04c1-424b-9868-57a2d4851a1d" />
    <TestEntry testId="ddb5ccc2-9b33-dc28-1bfd-c32cb9e3421d" executionId="99807a21-8336-4cd6-88df-5241ff8ccaa2" testListId="8c84fa94-04c1-424b-9868-57a2d4851a1d" />
    <TestEntry testId="f85f4b99-6edb-56ea-afca-38ae8af93a0c" executionId="a9105143-bb07-4acb-aae8-4b0179230720" testListId="8c84fa94-04c1-424b-9868-57a2d4851a1d" />
    <TestEntry testId="71480f8b-549b-906d-0152-262ccf49a5c4" executionId="d9fe11f1-162c-46a2-816d-fc5c6cdfecd9" testListId="8c84fa94-04c1-424b-9868-57a2d4851a1d" />
    <TestEntry testId="5e51ac55-855c-f473-eaf2-6f3e89b01f07" executionId="1e7ae158-54e2-4ee4-9948-509bac44bde4" testListId="8c84fa94-04c1-424b-9868-57a2d4851a1d" />
    <TestEntry testId="4b469241-6071-8429-cfe3-b9e43501d592" executionId="d11227e6-d194-4d5e-b8eb-5e1b1ec1ebde" testListId="8c84fa94-04c1-424b-9868-57a2d4851a1d" />
    <TestEntry testId="833445af-acb0-0e5e-6dd9-273a3c9b6fe3" executionId="c177c56a-9100-4e10-aa28-7c2383f37183" testListId="8c84fa94-04c1-424b-9868-57a2d4851a1d" />
    <TestEntry testId="4efb3fa4-fc19-2b66-6944-b3cbe37c47d2" executionId="765858ab-1ff2-42db-ab4b-cd403b4fda7b" testListId="8c84fa94-04c1-424b-9868-57a2d4851a1d" />
    <TestEntry testId="5feb7ce3-17d2-377d-edb0-ab65d83f5401" executionId="8abca8af-9c66-4c63-abd5-69da62c3b686" testListId="8c84fa94-04c1-424b-9868-57a2d4851a1d" />
    <TestEntry testId="9ebbd98a-0baa-35ea-f754-297702b380cb" executionId="a02c3bc6-ac99-4ad6-a532-b96d9d24c642" testListId="8c84fa94-04c1-424b-9868-57a2d4851a1d" />
    <TestEntry testId="b0ab6548-3e6d-bd4a-3158-06979f4645aa" executionId="76fac9f4-be3d-49de-a5b1-3b60e3b4c925" testListId="8c84fa94-04c1-424b-9868-57a2d4851a1d" />
    <TestEntry testId="aea027b4-0a81-ab86-f977-46e18e936f59" executionId="9e1cc823-3960-40fa-adfc-ef9c44ca52bf" testListId="8c84fa94-04c1-424b-9868-57a2d4851a1d" />
    <TestEntry testId="952a55be-c504-0e18-3f2e-c22da1e5f986" executionId="7da3b032-e0e5-4944-889b-392e370e2253" testListId="8c84fa94-04c1-424b-9868-57a2d4851a1d" />
    <TestEntry testId="3b1db870-8c36-dba8-65fb-0fb8a4b51b4b" executionId="9fd65195-9154-4300-bfd1-33470d885e98" testListId="8c84fa94-04c1-424b-9868-57a2d4851a1d" />
    <TestEntry testId="7d0dfe92-b55d-a9e6-a265-f8f099c3347e" executionId="38a8b80b-ce48-469d-a9c0-b1a2241cf9ce" testListId="8c84fa94-04c1-424b-9868-57a2d4851a1d" />
    <TestEntry testId="d101d317-553e-c369-f7a8-d2c5f2073f22" executionId="5cfae32d-6436-45ed-9d93-495c774c9642" testListId="8c84fa94-04c1-424b-9868-57a2d4851a1d" />
    <TestEntry testId="ab70032d-8e0d-a360-ef1d-0d75c122bb1a" executionId="89325caf-8147-472c-9784-af30d245905b" testListId="8c84fa94-04c1-424b-9868-57a2d4851a1d" />
    <TestEntry testId="cefa80e0-7424-328d-306f-6fc348079a72" executionId="7cbc7386-61d2-44bb-93af-1e15554bd8e5" testListId="8c84fa94-04c1-424b-9868-57a2d4851a1d" />
    <TestEntry testId="1b2b3005-68d3-6de5-358a-40faeaf99ffe" executionId="a0e29d8d-5078-46ba-868b-e9df74ddb585" testListId="8c84fa94-04c1-424b-9868-57a2d4851a1d" />
    <TestEntry testId="3f5c4878-6237-31bf-d5db-91bcec0fb472" executionId="28702d95-e303-4a54-b8b0-7f237fb48957" testListId="8c84fa94-04c1-424b-9868-57a2d4851a1d" />
    <TestEntry testId="95ec9135-07a6-77d5-b33b-e61077fbf39b" executionId="63ed03ba-288a-4fb1-a3c3-5f984df213f7" testListId="8c84fa94-04c1-424b-9868-57a2d4851a1d" />
    <TestEntry testId="e35637ce-ec93-de53-a365-658dba95ada6" executionId="0bc1137f-3cf3-4d17-a30f-a9f47842dd2a" testListId="8c84fa94-04c1-424b-9868-57a2d4851a1d" />
    <TestEntry testId="b93bef96-fc8e-d044-8cf9-7c73e6b438e5" executionId="1124a716-2902-4a2a-baf2-15a162185c34" testListId="8c84fa94-04c1-424b-9868-57a2d4851a1d" />
    <TestEntry testId="91269ea1-120c-fdc0-04ba-9a9e5270f76e" executionId="62268abb-9dd3-49f7-ae12-1d0295aa0436" testListId="8c84fa94-04c1-424b-9868-57a2d4851a1d" />
    <TestEntry testId="a6163d93-a05f-4145-bc11-e53e3d69d62d" executionId="f638170a-443c-49b7-9946-f91a55153f5d" testListId="8c84fa94-04c1-424b-9868-57a2d4851a1d" />
    <TestEntry testId="2226e4d4-2567-1d2e-574f-b5b52a3b7051" executionId="5a606607-c32c-44cf-95f9-bd09fe9b60f2" testListId="8c84fa94-04c1-424b-9868-57a2d4851a1d" />
    <TestEntry testId="8fec715f-dc75-f135-db8c-9cb578cf3c07" executionId="2642bec7-a703-4508-bd47-d1a429a5a20f" testListId="8c84fa94-04c1-424b-9868-57a2d4851a1d" />
    <TestEntry testId="648cd995-3bae-c0ae-fa7c-6aad1e885a51" executionId="6e401d87-3b9c-4df0-a1a8-00628af332a7" testListId="8c84fa94-04c1-424b-9868-57a2d4851a1d" />
    <TestEntry testId="4e10ee00-9466-af4c-12ed-0c140e04aeee" executionId="bafc88b6-104c-4733-91c3-b73bfac71ace" testListId="8c84fa94-04c1-424b-9868-57a2d4851a1d" />
    <TestEntry testId="4b3849f6-7299-205e-9512-6bfa4393dd52" executionId="cf3c5156-b55d-4d4d-a942-69d3fb91fb4a" testListId="8c84fa94-04c1-424b-9868-57a2d4851a1d" />
    <TestEntry testId="213540b8-ac3f-90b1-c95a-44d6a7b0f615" executionId="b0187b40-f253-49c2-93f5-dd2e1c5c5c6f" testListId="8c84fa94-04c1-424b-9868-57a2d4851a1d" />
    <TestEntry testId="aa206ce1-cf0f-f1dd-5eee-26d55c163bf3" executionId="49c93ecf-f0d2-40c2-ae50-403bb7cfc3aa" testListId="8c84fa94-04c1-424b-9868-57a2d4851a1d" />
    <TestEntry testId="58027957-609a-3571-1d0c-d06de038d632" executionId="ad4107f3-eb64-4916-b21d-0c06018e548d" testListId="8c84fa94-04c1-424b-9868-57a2d4851a1d" />
    <TestEntry testId="df896f05-6b9a-e3a1-85b6-47091e3061f8" executionId="dba74307-7dc8-47fa-a1e2-5aaa8bd4a587" testListId="8c84fa94-04c1-424b-9868-57a2d4851a1d" />
    <TestEntry testId="222ad54e-2e36-1d02-a101-5e4d4778ba2b" executionId="dc486821-1d4c-4cc6-ad4e-54d3a4e3ffa1" testListId="8c84fa94-04c1-424b-9868-57a2d4851a1d" />
    <TestEntry testId="ad617111-a77a-dc8f-0b15-7565c56c5775" executionId="347b191e-98ab-4009-a834-61ff8dc58b81" testListId="8c84fa94-04c1-424b-9868-57a2d4851a1d" />
    <TestEntry testId="1c426b47-b798-cb41-2332-c2359de62c8e" executionId="aaa05262-d0f9-4447-91f3-24cdc5e1af3f" testListId="8c84fa94-04c1-424b-9868-57a2d4851a1d" />
    <TestEntry testId="8a959175-cc26-c7e2-40f9-3a56161076fd" executionId="93eac7ba-b81c-4b38-be74-3e0a1bd491e8" testListId="8c84fa94-04c1-424b-9868-57a2d4851a1d" />
    <TestEntry testId="c5a026cc-32e7-c969-5644-798f1b0af0eb" executionId="1a66e6f8-c96d-43e2-ad50-5f6c437b4ec8" testListId="8c84fa94-04c1-424b-9868-57a2d4851a1d" />
    <TestEntry testId="c269c789-4128-f608-56e6-59db36e45323" executionId="0799594d-767e-47df-b2bf-ef4df72b6bfd" testListId="8c84fa94-04c1-424b-9868-57a2d4851a1d" />
    <TestEntry testId="adabe649-3665-e8c3-8b25-49276e2c2be5" executionId="c9a5cf89-7d28-4bc4-b626-4cbeedfa75b8" testListId="8c84fa94-04c1-424b-9868-57a2d4851a1d" />
    <TestEntry testId="ea1b79ca-66b2-3be0-6749-60d6f9070697" executionId="317f8ce3-1e1e-4e62-8828-d3f4aa700faa" testListId="8c84fa94-04c1-424b-9868-57a2d4851a1d" />
    <TestEntry testId="27b4537c-89cb-a671-8d7c-929747bd6eec" executionId="880d817a-ab18-4d28-a8e2-d116009cf65a" testListId="8c84fa94-04c1-424b-9868-57a2d4851a1d" />
    <TestEntry testId="482c4b7f-7d09-f5b3-4353-90921f78c441" executionId="e7a915b7-0677-4d7f-8bd6-faa396329df4" testListId="8c84fa94-04c1-424b-9868-57a2d4851a1d" />
    <TestEntry testId="d2731e21-bee3-528c-0161-e160b0fe6e5b" executionId="d644d70e-1d33-457a-b521-28671959db8a" testListId="8c84fa94-04c1-424b-9868-57a2d4851a1d" />
    <TestEntry testId="c2cc35f5-7237-7ed7-018e-ea159039d2d7" executionId="53423a85-b1c2-4e79-803d-ae7efe4aef86" testListId="8c84fa94-04c1-424b-9868-57a2d4851a1d" />
    <TestEntry testId="d0d3a8f0-ca0e-b51d-6e04-4a423598764e" executionId="770ddced-f751-4487-bd14-7699f9b2382b" testListId="8c84fa94-04c1-424b-9868-57a2d4851a1d" />
    <TestEntry testId="98b15add-0a96-adbe-cf82-96a7cd9bf93f" executionId="e8e3f356-26ca-444f-9999-a5791e8fd948" testListId="8c84fa94-04c1-424b-9868-57a2d4851a1d" />
    <TestEntry testId="4bde2147-fef4-4993-1268-7e19cb6abbaf" executionId="a6aa7676-bc0f-4644-a087-ebe7878f117a" testListId="8c84fa94-04c1-424b-9868-57a2d4851a1d" />
    <TestEntry testId="71c12da7-f7d6-d2b9-5904-247f02297f22" executionId="ec01117c-693c-4f5c-a3be-de8510bf065c" testListId="8c84fa94-04c1-424b-9868-57a2d4851a1d" />
    <TestEntry testId="cfc05b52-f4b9-84cd-7f28-7a33034370b4" executionId="58c55195-e9a2-427a-83c1-3ba108ae72b5" testListId="8c84fa94-04c1-424b-9868-57a2d4851a1d" />
    <TestEntry testId="a972b21e-5d15-75d3-0473-a76b001ca63d" executionId="2baa8497-1a9d-4171-9f91-5a656ca49fc8" testListId="8c84fa94-04c1-424b-9868-57a2d4851a1d" />
    <TestEntry testId="ba0a7890-d847-e935-ac69-18e2528d7a10" executionId="102c4b75-449f-445e-a789-460cae0ed9bb" testListId="8c84fa94-04c1-424b-9868-57a2d4851a1d" />
    <TestEntry testId="c0ffc76c-75ed-4b3c-97ba-b32fb8110b28" executionId="ea748309-05ef-4bc4-ad9f-9312ad19a671" testListId="8c84fa94-04c1-424b-9868-57a2d4851a1d" />
    <TestEntry testId="f055ddd0-5cdc-8178-2760-e09711717114" executionId="5356dbba-03e1-4b95-890c-eae08e0dcb48" testListId="8c84fa94-04c1-424b-9868-57a2d4851a1d" />
    <TestEntry testId="c2bf88a3-b297-2cdd-06f6-7d4ada06f4de" executionId="acae9f75-d222-4cc7-8349-86c55c0e2fdb" testListId="8c84fa94-04c1-424b-9868-57a2d4851a1d" />
    <TestEntry testId="962f8a4a-569e-3ae3-82b4-59ef2d203e2c" executionId="ff28c90a-af48-490e-9f47-d3af4dbaf380" testListId="8c84fa94-04c1-424b-9868-57a2d4851a1d" />
    <TestEntry testId="68f5062b-72f8-6301-57f4-03624bc69dea" executionId="58507d60-5459-4b4f-990a-cf6c9470deff" testListId="8c84fa94-04c1-424b-9868-57a2d4851a1d" />
    <TestEntry testId="eb1de912-422c-2ff7-3025-52d125a0a9e0" executionId="2a23cba3-8ce0-4421-8967-d5cd46fe1437" testListId="8c84fa94-04c1-424b-9868-57a2d4851a1d" />
    <TestEntry testId="906c90e7-36ae-b69b-84cb-52d9f7df1454" executionId="046c9eed-1b6e-4af7-af83-5671281dc486" testListId="8c84fa94-04c1-424b-9868-57a2d4851a1d" />
    <TestEntry testId="a5c24435-399b-0383-baea-5d421c708f54" executionId="a746c1f3-4b44-42ec-b8c0-2b5ce5f0addf" testListId="8c84fa94-04c1-424b-9868-57a2d4851a1d" />
    <TestEntry testId="9a91935f-c091-fe89-d99f-a06b85926529" executionId="6da26773-667a-4cf1-b33e-0d67416957c8" testListId="8c84fa94-04c1-424b-9868-57a2d4851a1d" />
    <TestEntry testId="2868ff2a-3bb9-b99c-078e-8eb051e5878b" executionId="1c6df82f-2318-4328-8c06-2c13b721a82b" testListId="8c84fa94-04c1-424b-9868-57a2d4851a1d" />
    <TestEntry testId="4149c80a-7def-360e-dc75-981e98a182a6" executionId="d6d9ca25-3692-472c-92a4-adc637f4fd9f" testListId="8c84fa94-04c1-424b-9868-57a2d4851a1d" />
    <TestEntry testId="51c0b291-9fd5-9806-996d-0bb439acd2da" executionId="2836380b-7e37-4cb6-9058-d6dd00f84d7a" testListId="8c84fa94-04c1-424b-9868-57a2d4851a1d" />
    <TestEntry testId="50c4e9f6-5637-063b-f3f7-e9fc1fb77ffe" executionId="088a9f92-01f5-4fbe-87ab-5fd68e2ff48d" testListId="8c84fa94-04c1-424b-9868-57a2d4851a1d" />
    <TestEntry testId="f212ab7d-7e91-a5dc-055f-f4fd4720f267" executionId="2c4f0771-b1aa-4bb6-bea3-2d8aa67c03da" testListId="8c84fa94-04c1-424b-9868-57a2d4851a1d" />
    <TestEntry testId="9a94b4d4-7761-94ac-4ed5-5f538fc10ba4" executionId="bd770042-21ea-4f78-9300-6e1b800f3556" testListId="8c84fa94-04c1-424b-9868-57a2d4851a1d" />
    <TestEntry testId="624ea434-e135-9fef-44a7-fd1465d9490e" executionId="144691b8-6a84-4798-a629-356d8188b884" testListId="8c84fa94-04c1-424b-9868-57a2d4851a1d" />
    <TestEntry testId="8dfa934a-78c8-f613-69e1-ea8f101bc344" executionId="df85c58e-4a27-462f-960b-261121d215c2" testListId="8c84fa94-04c1-424b-9868-57a2d4851a1d" />
    <TestEntry testId="192e885b-bcd3-c074-7489-84a6b2d33204" executionId="e6af2f39-2e92-43d7-baeb-fdb0cfaf074f" testListId="8c84fa94-04c1-424b-9868-57a2d4851a1d" />
    <TestEntry testId="36426fde-5bba-8b2c-5fe9-2a880c024146" executionId="0c3c4ecf-acd2-4f9c-b177-d79a054b5443" testListId="8c84fa94-04c1-424b-9868-57a2d4851a1d" />
    <TestEntry testId="aac9bcbb-97c4-1808-25a7-752d9a522a12" executionId="b1351a53-da70-4203-9d8f-f657913773c7" testListId="8c84fa94-04c1-424b-9868-57a2d4851a1d" />
    <TestEntry testId="f0a29760-21f9-47b5-70be-cecc9a71ddb7" executionId="7e147d5a-82ec-48a1-abcd-a6eb3a600f95" testListId="8c84fa94-04c1-424b-9868-57a2d4851a1d" />
    <TestEntry testId="fdf5746b-b86a-73b4-1fa0-28b39b8f1597" executionId="6011d45c-837c-46b6-a402-f87767282633" testListId="8c84fa94-04c1-424b-9868-57a2d4851a1d" />
    <TestEntry testId="ec895ea7-fed3-04f9-f69d-ce502ace2d84" executionId="7ae0bebe-8b77-4225-9c75-758fcc80a932" testListId="8c84fa94-04c1-424b-9868-57a2d4851a1d" />
    <TestEntry testId="fef90f3f-a0df-5e2e-4f8e-77ef04a220b8" executionId="0be86dc7-bfd5-4faf-a110-9d0d9f1b90ae" testListId="8c84fa94-04c1-424b-9868-57a2d4851a1d" />
    <TestEntry testId="d23a2c6c-9c19-f99f-3bb9-8c3d82888720" executionId="a2cac06b-4af2-4855-9544-e7acdf021784" testListId="8c84fa94-04c1-424b-9868-57a2d4851a1d" />
    <TestEntry testId="1fb8f1c8-958f-a7b5-3291-7103e5dc8992" executionId="1df4b9fe-8aea-4f1d-bf56-2ce3b33a5603" testListId="8c84fa94-04c1-424b-9868-57a2d4851a1d" />
    <TestEntry testId="e8836de0-c736-b1f5-825a-0aafc5d25d84" executionId="b8dac6a5-4e8a-4bff-98bd-52048282407e" testListId="8c84fa94-04c1-424b-9868-57a2d4851a1d" />
    <TestEntry testId="ae94ee2c-1ce6-0e8a-90f9-459ba5ddbe0e" executionId="d4675d7c-c44d-4dcf-af31-7b5e2860b614" testListId="8c84fa94-04c1-424b-9868-57a2d4851a1d" />
    <TestEntry testId="200ab109-bd47-be63-dd39-a8bab6e739ad" executionId="5558ea1c-7b9d-4874-880b-897530243c4e" testListId="8c84fa94-04c1-424b-9868-57a2d4851a1d" />
    <TestEntry testId="85df8482-cc8b-20c6-b871-d16db4ef4346" executionId="0a6c0d51-11d6-48f5-ab68-c28986bde4c6" testListId="8c84fa94-04c1-424b-9868-57a2d4851a1d" />
    <TestEntry testId="f7c385c5-f38b-a6ad-3e1e-37f06ea78bd1" executionId="5b7362b0-173b-450a-9d7a-37d4d2eee0ca" testListId="8c84fa94-04c1-424b-9868-57a2d4851a1d" />
    <TestEntry testId="13da4d3b-e58e-571b-8155-5ca569402203" executionId="74bf3b85-67fa-4ca3-9322-e6f8bd3a3906" testListId="8c84fa94-04c1-424b-9868-57a2d4851a1d" />
    <TestEntry testId="24877086-71f2-af03-0f17-67f331c5b84f" executionId="735f1f22-be0c-4b35-981e-03428147cc71" testListId="8c84fa94-04c1-424b-9868-57a2d4851a1d" />
    <TestEntry testId="c58dbc75-afb3-015d-f682-21a6f6af2d62" executionId="6397965d-f961-4996-bf0b-788e08eae885" testListId="8c84fa94-04c1-424b-9868-57a2d4851a1d" />
  </TestEntries>
  <TestLists>
    <TestList name="Results Not in a List" id="8c84fa94-04c1-424b-9868-57a2d4851a1d" />
    <TestList name="All Loaded Results" id="19431567-8539-422a-85d7-44ee4e166bda" />
  </TestLists>
  <ResultSummary outcome="Completed">
    <Counters total="114" executed="114" passed="114" failed="0" error="0" timeout="0" aborted="0" inconclusive="0" passedButRunAborted="0" notRunnable="0" notExecuted="0" disconnected="0" warning="0" completed="0" inProgress="0" pending="0" />
  </ResultSummary>
</TestRun>